Copyright 1986-2022 Xilinx, Inc. All Rights Reserved.
------------------------------------------------------------------------------------
| Tool Version : Vivado v.2022.2 (win64) Build 3671981 Fri Oct 14 05:00:03 MDT 2022
| Date         : Tue Aug 15 03:53:19 2023
| Host         : DESKTOP-FG0QD84 running 64-bit major release  (build 9200)
| Command      : upgrade_ip
| Device       : xc7k160tfbg484-2
------------------------------------------------------------------------------------

Upgrade Log for IP 'mmcm_rx'

1. Summary
----------

SUCCESS in the conversion of mmcm_rx (xilinx.com:ip:clk_wiz:6.0 (Rev. 11)) to Vivado generation flows.






Copyright 1986-2022 Xilinx, Inc. All Rights Reserved.
------------------------------------------------------------------------------------
| Tool Version : Vivado v.2022.2 (win64) Build 3671981 Fri Oct 14 05:00:03 MDT 2022
| Date         : Tue Aug 15 03:53:18 2023
| Host         : DESKTOP-FG0QD84 running 64-bit major release  (build 9200)
| Command      : upgrade_ip
| Device       : xc7k160tfbg484-2
------------------------------------------------------------------------------------

Upgrade Log for IP 'mmcm_cdc'

1. Summary
----------

SUCCESS in the conversion of mmcm_cdc (xilinx.com:ip:clk_wiz:6.0 (Rev. 11)) to Vivado generation flows.






Copyright 1986-2022 Xilinx, Inc. All Rights Reserved.
------------------------------------------------------------------------------------
| Tool Version : Vivado v.2022.2 (win64) Build 3671981 Fri Oct 14 05:00:03 MDT 2022
| Date         : Tue Aug 15 03:53:17 2023
| Host         : DESKTOP-FG0QD84 running 64-bit major release  (build 9200)
| Command      : upgrade_ip
| Device       : xc7k160tfbg484-2
------------------------------------------------------------------------------------

Upgrade Log for IP 'mmcm'

1. Summary
----------

SUCCESS in the conversion of mmcm (xilinx.com:ip:clk_wiz:6.0 (Rev. 11)) to Vivado generation flows.






Copyright 1986-2022 Xilinx, Inc. All Rights Reserved.
------------------------------------------------------------------------------------
| Tool Version : Vivado v.2022.2 (win64) Build 3671981 Fri Oct 14 05:00:03 MDT 2022
| Date         : Tue Aug 15 03:53:14 2023
| Host         : DESKTOP-FG0QD84 running 64-bit major release  (build 9200)
| Command      : upgrade_ip
| Device       : xc7k160tfbg484-2
------------------------------------------------------------------------------------

Upgrade Log for IP 'ila_rgb_gray'

1. Summary
----------

SUCCESS in the conversion of ila_rgb_gray (xilinx.com:ip:ila:6.2 (Rev. 12)) to Vivado generation flows.






Copyright 1986-2022 Xilinx, Inc. All Rights Reserved.
------------------------------------------------------------------------------------
| Tool Version : Vivado v.2022.2 (win64) Build 3671981 Fri Oct 14 05:00:03 MDT 2022
| Date         : Tue Aug 15 03:44:43 2023
| Host         : DESKTOP-FG0QD84 running 64-bit major release  (build 9200)
| Command      : upgrade_ip
| Device       : xc7k325tffg676-2
------------------------------------------------------------------------------------

Upgrade Log for IP 'mmcm_cdc'

1. Summary
----------

SUCCESS in the conversion of mmcm_cdc (xilinx.com:ip:clk_wiz:6.0 (Rev. 11)) to Vivado generation flows.






Copyright 1986-2022 Xilinx, Inc. All Rights Reserved.
------------------------------------------------------------------------------------
| Tool Version : Vivado v.2022.2 (win64) Build 3671981 Fri Oct 14 05:00:03 MDT 2022
| Date         : Tue Aug 15 02:18:47 2023
| Host         : DESKTOP-FG0QD84 running 64-bit major release  (build 9200)
| Command      : upgrade_ip
| Device       : xc7k325tffg676-2
------------------------------------------------------------------------------------

Upgrade Log for IP 'mmcm_rx'

1. Summary
----------

SUCCESS in the conversion of mmcm_rx (xilinx.com:ip:clk_wiz:6.0 (Rev. 11)) to Vivado generation flows.






Copyright 1986-2022 Xilinx, Inc. All Rights Reserved.
------------------------------------------------------------------------------------
| Tool Version : Vivado v.2022.2 (win64) Build 3671981 Fri Oct 14 05:00:03 MDT 2022
| Date         : Tue Aug 15 02:18:46 2023
| Host         : DESKTOP-FG0QD84 running 64-bit major release  (build 9200)
| Command      : upgrade_ip
| Device       : xc7k325tffg676-2
------------------------------------------------------------------------------------

Upgrade Log for IP 'mmcm'

1. Summary
----------

SUCCESS in the conversion of mmcm (xilinx.com:ip:clk_wiz:6.0 (Rev. 11)) to Vivado generation flows.






Copyright 1986-2022 Xilinx, Inc. All Rights Reserved.
------------------------------------------------------------------------------------
| Tool Version : Vivado v.2022.2 (win64) Build 3671981 Fri Oct 14 05:00:03 MDT 2022
| Date         : Sun Aug 13 12:08:59 2023
| Host         : DESKTOP-FG0QD84 running 64-bit major release  (build 9200)
| Command      : upgrade_ip
| Device       : xc7a35tcpg236-1
------------------------------------------------------------------------------------

Upgrade Log for IP 'mmcm'

1. Summary
----------

SUCCESS in the conversion of mmcm (xilinx.com:ip:clk_wiz:6.0 (Rev. 11)) to Vivado generation flows.

