
*** Running vivado
    with args -log sram_controller.vds -m64 -product Vivado -mode batch -messageDb vivado.pb -notrace -source sram_controller.tcl



****** Vivado v2022.2 (64-bit)
  **** SW Build 3671981 on Fri Oct 14 05:00:03 MDT 2022
  **** IP Build 3669848 on Fri Oct 14 08:30:02 MDT 2022
    ** Copyright 1986-2022 Xilinx, Inc. All Rights Reserved.

source sram_controller.tcl -notrace
create_project: Time (s): cpu = 00:00:04 ; elapsed = 00:00:05 . Memory (MB): peak = 409.922 ; gain = 66.223
INFO: [IP_Flow 19-234] Refreshing IP repositories
WARNING: [IP_Flow 19-2248] Failed to load user IP repository 'c:/Users/Jihoon Lee/Desktop/h264v2/rtl'; Can't find the specified path.
If this directory should no longer be in your list of user repositories, go to the IP Settings dialog and remove it.
INFO: [IP_Flow 19-2313] Loaded Vivado IP repository 'F:/Xilinx/Vivado/2022.2/data/ip'.
WARNING: [IP_Flow 19-4995] The host OS only allows 260 characters in a normal path. The IP cache path is more than 80 characters. If you experience issues with IP caching, please consider changing the IP cache to a location with a shorter path. Alternately consider using the OS subst command to map part of the path to a drive letter. 
Current IP cache path is c:/Users/Jihoon Lee/Desktop/commento/commento_fpga_material/Reference/Week2/week2/week2.cache/ip 
Command: synth_design -top sram_controller -part xc7a35tcpg236-1
Starting synth_design
Attempting to get a license for feature 'Synthesis' and/or device 'xc7a35t'
INFO: [Common 17-349] Got license for feature 'Synthesis' and/or device 'xc7a35t'
INFO: [Device 21-403] Loading part xc7a35tcpg236-1
INFO: [Synth 8-7079] Multithreading enabled for synth_design using a maximum of 2 processes.
INFO: [Synth 8-7078] Launching helper process for spawning children vivado processes
INFO: [Synth 8-7075] Helper process launched with PID 2564
INFO: [Synth 8-11241] undeclared symbol 'REGCCE', assumed default net type 'wire' [F:/Xilinx/Vivado/2022.2/data/verilog/src/unimacro/BRAM_SINGLE_MACRO.v:2170]
---------------------------------------------------------------------------------
Starting RTL Elaboration : Time (s): cpu = 00:00:05 ; elapsed = 00:00:06 . Memory (MB): peak = 1256.602 ; gain = 406.617
---------------------------------------------------------------------------------
INFO: [Synth 8-6157] synthesizing module 'sram_controller' [C:/Users/Jihoon Lee/Desktop/commento/commento_fpga_material/Reference/Week2/week2/week2.srcs/sources_1/new/sram_controller.sv:1]
INFO: [Synth 8-6157] synthesizing module 'mmcm_50m' [C:/Users/Jihoon Lee/Desktop/commento/commento_fpga_material/Reference/Week2/week2/week2.runs/synth_1/.Xil/Vivado-24072-DESKTOP-FG0QD84/realtime/mmcm_50m_stub.v:5]
INFO: [Synth 8-6155] done synthesizing module 'mmcm_50m' (0#1) [C:/Users/Jihoon Lee/Desktop/commento/commento_fpga_material/Reference/Week2/week2/week2.runs/synth_1/.Xil/Vivado-24072-DESKTOP-FG0QD84/realtime/mmcm_50m_stub.v:5]
WARNING: [Synth 8-4446] all outputs are unconnected for this instance and logic may be removed [C:/Users/Jihoon Lee/Desktop/commento/commento_fpga_material/Reference/Week2/week2/week2.srcs/sources_1/new/sram_controller.sv:63]
INFO: [Synth 8-6157] synthesizing module 'ila_sram_ctrl' [C:/Users/Jihoon Lee/Desktop/commento/commento_fpga_material/Reference/Week2/week2/week2.runs/synth_1/.Xil/Vivado-24072-DESKTOP-FG0QD84/realtime/ila_sram_ctrl_stub.v:5]
INFO: [Synth 8-6155] done synthesizing module 'ila_sram_ctrl' (0#1) [C:/Users/Jihoon Lee/Desktop/commento/commento_fpga_material/Reference/Week2/week2/week2.runs/synth_1/.Xil/Vivado-24072-DESKTOP-FG0QD84/realtime/ila_sram_ctrl_stub.v:5]
INFO: [Synth 8-6157] synthesizing module 'vio_0' [C:/Users/Jihoon Lee/Desktop/commento/commento_fpga_material/Reference/Week2/week2/week2.runs/synth_1/.Xil/Vivado-24072-DESKTOP-FG0QD84/realtime/vio_0_stub.v:5]
INFO: [Synth 8-6155] done synthesizing module 'vio_0' (0#1) [C:/Users/Jihoon Lee/Desktop/commento/commento_fpga_material/Reference/Week2/week2/week2.runs/synth_1/.Xil/Vivado-24072-DESKTOP-FG0QD84/realtime/vio_0_stub.v:5]
INFO: [Synth 8-294] found qualifier unique on case statement: implementing as parallel_case [C:/Users/Jihoon Lee/Desktop/commento/commento_fpga_material/Reference/Week2/week2/week2.srcs/sources_1/new/sram_controller.sv:101]
INFO: [Synth 8-155] case statement is not full and has no default [C:/Users/Jihoon Lee/Desktop/commento/commento_fpga_material/Reference/Week2/week2/week2.srcs/sources_1/new/sram_controller.sv:131]
INFO: [Synth 8-6155] done synthesizing module 'sram_controller' (0#1) [C:/Users/Jihoon Lee/Desktop/commento/commento_fpga_material/Reference/Week2/week2/week2.srcs/sources_1/new/sram_controller.sv:1]
INFO: [Synth 8-6071] Mark debug on the nets applies keep_hierarchy on instance 'vio'. This will prevent further optimization [C:/Users/Jihoon Lee/Desktop/commento/commento_fpga_material/Reference/Week2/week2/week2.srcs/sources_1/new/sram_controller.sv:78]
INFO: [Synth 8-6071] Mark debug on the nets applies keep_hierarchy on instance 'ila'. This will prevent further optimization [C:/Users/Jihoon Lee/Desktop/commento/commento_fpga_material/Reference/Week2/week2/week2.srcs/sources_1/new/sram_controller.sv:63]
WARNING: [Synth 8-7137] Register addr_reg in module sram_controller has both Set and reset with same priority. This may cause simulation mismatches. Consider rewriting code  [C:/Users/Jihoon Lee/Desktop/commento/commento_fpga_material/Reference/Week2/week2/week2.srcs/sources_1/new/sram_controller.sv:69]
WARNING: [Synth 8-7137] Register data_out_reg in module sram_controller has both Set and reset with same priority. This may cause simulation mismatches. Consider rewriting code  [C:/Users/Jihoon Lee/Desktop/commento/commento_fpga_material/Reference/Week2/week2/week2.srcs/sources_1/new/sram_controller.sv:44]
---------------------------------------------------------------------------------
Finished RTL Elaboration : Time (s): cpu = 00:00:07 ; elapsed = 00:00:07 . Memory (MB): peak = 1351.258 ; gain = 501.273
---------------------------------------------------------------------------------
---------------------------------------------------------------------------------
Start Handling Custom Attributes
---------------------------------------------------------------------------------
---------------------------------------------------------------------------------
Finished Handling Custom Attributes : Time (s): cpu = 00:00:07 ; elapsed = 00:00:08 . Memory (MB): peak = 1351.258 ; gain = 501.273
---------------------------------------------------------------------------------
---------------------------------------------------------------------------------
Finished RTL Optimization Phase 1 : Time (s): cpu = 00:00:07 ; elapsed = 00:00:08 . Memory (MB): peak = 1351.258 ; gain = 501.273
---------------------------------------------------------------------------------
Netlist sorting complete. Time (s): cpu = 00:00:00 ; elapsed = 00:00:00.003 . Memory (MB): peak = 1351.258 ; gain = 0.000
INFO: [Project 1-570] Preparing netlist for logic optimization

Processing XDC Constraints
Initializing timing engine
Parsing XDC File [c:/Users/Jihoon Lee/Desktop/commento/commento_fpga_material/Reference/Week2/week2/week2.gen/sources_1/ip/ila_sram_ctrl/ila_sram_ctrl/ila_sram_ctrl_in_context.xdc] for cell 'ila'
Finished Parsing XDC File [c:/Users/Jihoon Lee/Desktop/commento/commento_fpga_material/Reference/Week2/week2/week2.gen/sources_1/ip/ila_sram_ctrl/ila_sram_ctrl/ila_sram_ctrl_in_context.xdc] for cell 'ila'
Parsing XDC File [c:/Users/Jihoon Lee/Desktop/commento/commento_fpga_material/Reference/Week2/week2/week2.gen/sources_1/ip/vio_0/vio_0/vio_0_in_context.xdc] for cell 'vio'
Finished Parsing XDC File [c:/Users/Jihoon Lee/Desktop/commento/commento_fpga_material/Reference/Week2/week2/week2.gen/sources_1/ip/vio_0/vio_0/vio_0_in_context.xdc] for cell 'vio'
Parsing XDC File [c:/Users/Jihoon Lee/Desktop/commento/commento_fpga_material/Reference/Week2/week2/week2.gen/sources_1/ip/mmcm_50m/mmcm_50m/mmcm_50m_in_context.xdc] for cell 'mmcm'
Finished Parsing XDC File [c:/Users/Jihoon Lee/Desktop/commento/commento_fpga_material/Reference/Week2/week2/week2.gen/sources_1/ip/mmcm_50m/mmcm_50m/mmcm_50m_in_context.xdc] for cell 'mmcm'
Parsing XDC File [C:/Users/Jihoon Lee/Desktop/commento/commento_fpga_material/Reference/Week2/week2/week2.srcs/constrs_1/new/sram_controller.xdc]
Finished Parsing XDC File [C:/Users/Jihoon Lee/Desktop/commento/commento_fpga_material/Reference/Week2/week2/week2.srcs/constrs_1/new/sram_controller.xdc]
INFO: [Project 1-236] Implementation specific constraints were found while reading constraint file [C:/Users/Jihoon Lee/Desktop/commento/commento_fpga_material/Reference/Week2/week2/week2.srcs/constrs_1/new/sram_controller.xdc]. These constraints will be ignored for synthesis but will be used in implementation. Impacted constraints are listed in the file [.Xil/sram_controller_propImpl.xdc].
Resolution: To avoid this warning, move constraints listed in [.Xil/sram_controller_propImpl.xdc] to another XDC file and exclude this new file from synthesis with the used_in_synthesis property (File Properties dialog in GUI) and re-run elaboration/synthesis.
Parsing XDC File [C:/Users/Jihoon Lee/Desktop/commento/commento_fpga_material/Reference/Week2/week2/week2.runs/synth_1/dont_touch.xdc]
Finished Parsing XDC File [C:/Users/Jihoon Lee/Desktop/commento/commento_fpga_material/Reference/Week2/week2/week2.runs/synth_1/dont_touch.xdc]
Completed Processing XDC Constraints

Netlist sorting complete. Time (s): cpu = 00:00:00 ; elapsed = 00:00:00.001 . Memory (MB): peak = 1449.750 ; gain = 0.000
INFO: [Project 1-111] Unisim Transformation Summary:
No Unisim elements were transformed.

Constraint Validation Runtime : Time (s): cpu = 00:00:00 ; elapsed = 00:00:00.004 . Memory (MB): peak = 1449.750 ; gain = 0.000
INFO: [Synth 8-11241] undeclared symbol 'REGCCE', assumed default net type 'wire' [F:/Xilinx/Vivado/2022.2/data/verilog/src/unimacro/BRAM_SINGLE_MACRO.v:2170]
---------------------------------------------------------------------------------
Finished Constraint Validation : Time (s): cpu = 00:00:15 ; elapsed = 00:00:16 . Memory (MB): peak = 1449.750 ; gain = 599.766
---------------------------------------------------------------------------------
---------------------------------------------------------------------------------
Start Loading Part and Timing Information
---------------------------------------------------------------------------------
Loading part: xc7a35tcpg236-1
---------------------------------------------------------------------------------
Finished Loading Part and Timing Information : Time (s): cpu = 00:00:15 ; elapsed = 00:00:16 . Memory (MB): peak = 1449.750 ; gain = 599.766
---------------------------------------------------------------------------------
---------------------------------------------------------------------------------
Start Applying 'set_property' XDC Constraints
---------------------------------------------------------------------------------
Applied set_property IO_BUFFER_TYPE = NONE for clk. (constraint file  {c:/Users/Jihoon Lee/Desktop/commento/commento_fpga_material/Reference/Week2/week2/week2.gen/sources_1/ip/mmcm_50m/mmcm_50m/mmcm_50m_in_context.xdc}, line 3).
Applied set_property CLOCK_BUFFER_TYPE = NONE for clk. (constraint file  {c:/Users/Jihoon Lee/Desktop/commento/commento_fpga_material/Reference/Week2/week2/week2.gen/sources_1/ip/mmcm_50m/mmcm_50m/mmcm_50m_in_context.xdc}, line 4).
Applied set_property KEEP_HIERARCHY = SOFT for ila. (constraint file  auto generated constraint).
Applied set_property KEEP_HIERARCHY = SOFT for vio. (constraint file  auto generated constraint).
Applied set_property KEEP_HIERARCHY = SOFT for mmcm. (constraint file  auto generated constraint).
---------------------------------------------------------------------------------
Finished applying 'set_property' XDC Constraints : Time (s): cpu = 00:00:15 ; elapsed = 00:00:16 . Memory (MB): peak = 1449.750 ; gain = 599.766
---------------------------------------------------------------------------------
---------------------------------------------------------------------------------
Finished RTL Optimization Phase 2 : Time (s): cpu = 00:00:15 ; elapsed = 00:00:16 . Memory (MB): peak = 1449.750 ; gain = 599.766
---------------------------------------------------------------------------------
---------------------------------------------------------------------------------
Start RTL Component Statistics 
---------------------------------------------------------------------------------
Detailed RTL Component Info : 
+---Adders : 
	   2 Input    4 Bit       Adders := 3     
+---Registers : 
	               19 Bit    Registers := 1     
	                8 Bit    Registers := 1     
	                4 Bit    Registers := 2     
	                3 Bit    Registers := 1     
	                1 Bit    Registers := 4     
+---Muxes : 
	   2 Input   19 Bit        Muxes := 4     
	   5 Input   19 Bit        Muxes := 1     
	  11 Input    8 Bit        Muxes := 1     
	   2 Input    3 Bit        Muxes := 5     
	   4 Input    3 Bit        Muxes := 1     
	   5 Input    1 Bit        Muxes := 11    
	   2 Input    1 Bit        Muxes := 5     
---------------------------------------------------------------------------------
Finished RTL Component Statistics 
---------------------------------------------------------------------------------
---------------------------------------------------------------------------------
Start Part Resource Summary
---------------------------------------------------------------------------------
Part Resources:
DSPs: 90 (col length:60)
BRAMs: 100 (col length: RAMB18 60 RAMB36 30)
---------------------------------------------------------------------------------
Finished Part Resource Summary
---------------------------------------------------------------------------------
---------------------------------------------------------------------------------
Start Cross Boundary and Area Optimization
---------------------------------------------------------------------------------
WARNING: [Synth 8-7080] Parallel synthesis criteria is not met
---------------------------------------------------------------------------------
Finished Cross Boundary and Area Optimization : Time (s): cpu = 00:00:17 ; elapsed = 00:00:18 . Memory (MB): peak = 1449.750 ; gain = 599.766
---------------------------------------------------------------------------------
---------------------------------------------------------------------------------
Start Applying XDC Timing Constraints
---------------------------------------------------------------------------------
---------------------------------------------------------------------------------
Finished Applying XDC Timing Constraints : Time (s): cpu = 00:00:23 ; elapsed = 00:00:24 . Memory (MB): peak = 1449.750 ; gain = 599.766
---------------------------------------------------------------------------------
---------------------------------------------------------------------------------
Start Timing Optimization
---------------------------------------------------------------------------------
---------------------------------------------------------------------------------
Finished Timing Optimization : Time (s): cpu = 00:00:23 ; elapsed = 00:00:24 . Memory (MB): peak = 1449.750 ; gain = 599.766
---------------------------------------------------------------------------------
---------------------------------------------------------------------------------
Start Technology Mapping
---------------------------------------------------------------------------------
---------------------------------------------------------------------------------
Finished Technology Mapping : Time (s): cpu = 00:00:23 ; elapsed = 00:00:24 . Memory (MB): peak = 1449.750 ; gain = 599.766
---------------------------------------------------------------------------------
---------------------------------------------------------------------------------
Start IO Insertion
---------------------------------------------------------------------------------
---------------------------------------------------------------------------------
Start Flattening Before IO Insertion
---------------------------------------------------------------------------------
---------------------------------------------------------------------------------
Finished Flattening Before IO Insertion
---------------------------------------------------------------------------------
---------------------------------------------------------------------------------
Start Final Netlist Cleanup
---------------------------------------------------------------------------------
---------------------------------------------------------------------------------
Finished Final Netlist Cleanup
---------------------------------------------------------------------------------
---------------------------------------------------------------------------------
Finished IO Insertion : Time (s): cpu = 00:00:28 ; elapsed = 00:00:29 . Memory (MB): peak = 1449.750 ; gain = 599.766
---------------------------------------------------------------------------------
---------------------------------------------------------------------------------
Start Renaming Generated Instances
---------------------------------------------------------------------------------
---------------------------------------------------------------------------------
Finished Renaming Generated Instances : Time (s): cpu = 00:00:28 ; elapsed = 00:00:29 . Memory (MB): peak = 1449.750 ; gain = 599.766
---------------------------------------------------------------------------------
---------------------------------------------------------------------------------
Start Rebuilding User Hierarchy
---------------------------------------------------------------------------------
---------------------------------------------------------------------------------
Finished Rebuilding User Hierarchy : Time (s): cpu = 00:00:28 ; elapsed = 00:00:29 . Memory (MB): peak = 1449.750 ; gain = 599.766
---------------------------------------------------------------------------------
---------------------------------------------------------------------------------
Start Renaming Generated Ports
---------------------------------------------------------------------------------
---------------------------------------------------------------------------------
Finished Renaming Generated Ports : Time (s): cpu = 00:00:28 ; elapsed = 00:00:29 . Memory (MB): peak = 1449.750 ; gain = 599.766
---------------------------------------------------------------------------------
---------------------------------------------------------------------------------
Start Handling Custom Attributes
---------------------------------------------------------------------------------
---------------------------------------------------------------------------------
Finished Handling Custom Attributes : Time (s): cpu = 00:00:28 ; elapsed = 00:00:29 . Memory (MB): peak = 1449.750 ; gain = 599.766
---------------------------------------------------------------------------------
---------------------------------------------------------------------------------
Start Renaming Generated Nets
---------------------------------------------------------------------------------
---------------------------------------------------------------------------------
Finished Renaming Generated Nets : Time (s): cpu = 00:00:28 ; elapsed = 00:00:29 . Memory (MB): peak = 1449.750 ; gain = 599.766
---------------------------------------------------------------------------------
---------------------------------------------------------------------------------
Start Writing Synthesis Report
---------------------------------------------------------------------------------

Report BlackBoxes: 
+------+--------------+----------+
|      |BlackBox name |Instances |
+------+--------------+----------+
|1     |mmcm_50m      |         1|
|2     |ila_sram_ctrl |         1|
|3     |vio_0         |         1|
+------+--------------+----------+

Report Cell Usage: 
+------+--------------+------+
|      |Cell          |Count |
+------+--------------+------+
|1     |ila_sram_ctrl |     1|
|2     |mmcm_50m      |     1|
|3     |vio           |     1|
|4     |LUT1          |     5|
|5     |LUT2          |    58|
|6     |LUT3          |    22|
|7     |LUT4          |     6|
|8     |LUT5          |    25|
|9     |LUT6          |     6|
|10    |FDCE          |    31|
|11    |FDCPE         |    19|
|12    |FDPE          |    22|
|13    |FDRE          |     4|
|14    |LDC           |    19|
|15    |IOBUF         |     8|
|16    |OBUF          |    22|
+------+--------------+------+
---------------------------------------------------------------------------------
Finished Writing Synthesis Report : Time (s): cpu = 00:00:28 ; elapsed = 00:00:29 . Memory (MB): peak = 1449.750 ; gain = 599.766
---------------------------------------------------------------------------------
Synthesis finished with 0 errors, 0 critical warnings and 1 warnings.
Synthesis Optimization Runtime : Time (s): cpu = 00:00:19 ; elapsed = 00:00:28 . Memory (MB): peak = 1449.750 ; gain = 501.273
Synthesis Optimization Complete : Time (s): cpu = 00:00:28 ; elapsed = 00:00:30 . Memory (MB): peak = 1449.750 ; gain = 599.766
INFO: [Project 1-571] Translating synthesized netlist
Netlist sorting complete. Time (s): cpu = 00:00:00 ; elapsed = 00:00:00.003 . Memory (MB): peak = 1449.750 ; gain = 0.000
INFO: [Netlist 29-17] Analyzing 46 Unisim elements for replacement
INFO: [Netlist 29-28] Unisim Transformation completed in 0 CPU seconds
INFO: [Project 1-570] Preparing netlist for logic optimization
INFO: [Opt 31-138] Pushed 0 inverter(s) to 0 load pin(s).
Netlist sorting complete. Time (s): cpu = 00:00:00 ; elapsed = 00:00:00 . Memory (MB): peak = 1449.750 ; gain = 0.000
INFO: [Project 1-111] Unisim Transformation Summary:
  A total of 46 instances were transformed.
  FDCPE => FDCPE (FDCE, FDPE, LDCE, LUT3, VCC): 19 instances
  IOBUF => IOBUF (IBUF, OBUFT): 8 instances
  LDC => LDCE: 19 instances

Synth Design complete, checksum: 2528e48d
INFO: [Common 17-83] Releasing license: Synthesis
31 Infos, 6 Warnings, 0 Critical Warnings and 0 Errors encountered.
synth_design completed successfully
synth_design: Time (s): cpu = 00:00:33 ; elapsed = 00:00:35 . Memory (MB): peak = 1449.750 ; gain = 978.039
INFO: [Common 17-600] The following parameters have non-default value.
tcl.collectionResultDisplayLimit
INFO: [Common 17-1381] The checkpoint 'C:/Users/Jihoon Lee/Desktop/commento/commento_fpga_material/Reference/Week2/week2/week2.runs/synth_1/sram_controller.dcp' has been generated.
INFO: [runtcl-4] Executing : report_utilization -file sram_controller_utilization_synth.rpt -pb sram_controller_utilization_synth.pb
INFO: [Common 17-206] Exiting Vivado at Mon Jul 24 22:38:53 2023...
