Copyright 1986-2022 Xilinx, Inc. All Rights Reserved.
------------------------------------------------------------------------------------------------------------
| Tool Version : Vivado v.2022.2 (win64) Build 3671981 Fri Oct 14 05:00:03 MDT 2022
| Date         : Sun Aug 27 18:11:54 2023
| Host         : DESKTOP-FG0QD84 running 64-bit major release  (build 9200)
| Command      : report_drc -file i2c_top_drc_opted.rpt -pb i2c_top_drc_opted.pb -rpx i2c_top_drc_opted.rpx
| Design       : i2c_top
| Device       : xc7a35tcpg236-1
| Speed File   : -1
| Design State : Synthesized
------------------------------------------------------------------------------------------------------------

Report DRC

Table of Contents
-----------------
1. REPORT SUMMARY
2. REPORT DETAILS

1. REPORT SUMMARY
-----------------
            Netlist: netlist
          Floorplan: design_1
      Design limits: <entire design considered>
           Ruledeck: default
             Max violations: <unlimited>
             Violations found: 2
+-------------+----------+-------------------------------------------------------------+------------+
| Rule        | Severity | Description                                                 | Violations |
+-------------+----------+-------------------------------------------------------------+------------+
| CFGBVS-1    | Warning  | Missing CFGBVS and CONFIG_VOLTAGE Design Properties         | 1          |
| PLHOLDVIO-2 | Warning  | Non-Optimal connections which could lead to hold violations | 1          |
+-------------+----------+-------------------------------------------------------------+------------+

2. REPORT DETAILS
-----------------
CFGBVS-1#1 Warning
Missing CFGBVS and CONFIG_VOLTAGE Design Properties  
Neither the CFGBVS nor CONFIG_VOLTAGE voltage property is set in the current_design.  Configuration bank voltage select (CFGBVS) must be set to VCCO or GND, and CONFIG_VOLTAGE must be set to the correct configuration voltage, in order to determine the I/O voltage support for the pins in bank 0.  It is suggested to specify these either using the 'Edit Device Properties' function in the GUI or directly in the XDC file using the following syntax:

 set_property CFGBVS value1 [current_design]
 #where value1 is either VCCO or GND

 set_property CONFIG_VOLTAGE value2 [current_design]
 #where value2 is the voltage provided to configuration bank 0

Refer to the device configuration user guide for more information.
Related violations: <none>

PLHOLDVIO-2#1 Warning
Non-Optimal connections which could lead to hold violations  
A LUT clk_i2c_inferred_i_1 is driving clock pin of 47 cells. This could lead to large hold time violations. Involved cells are:
sccb/addr_reg[1], sccb/addr_reg[2], sccb/addr_reg[3], sccb/addr_reg[4],
sccb/addr_reg[5], sccb/addr_reg[6], sccb/cnt_div4_reg[0],
sccb/cnt_div4_reg[1], sccb/cnt_wait_reg[0], sccb/cnt_wait_reg[1],
sccb/cnt_wait_reg[2], sccb/cnt_wait_reg[3], sccb/cnt_wait_reg[4],
sccb/cnt_wait_reg[5], sccb/cnt_wait_reg[6] (the first 15 of 47 listed)
Related violations: <none>


