
*** Running vivado
    with args -log spi_bmp280.vdi -applog -m64 -product Vivado -messageDb vivado.pb -mode batch -source spi_bmp280.tcl -notrace



****** Vivado v2022.2 (64-bit)
  **** SW Build 3671981 on Fri Oct 14 05:00:03 MDT 2022
  **** IP Build 3669848 on Fri Oct 14 08:30:02 MDT 2022
    ** Copyright 1986-2022 Xilinx, Inc. All Rights Reserved.

source spi_bmp280.tcl -notrace
INFO: [IP_Flow 19-234] Refreshing IP repositories
WARNING: [IP_Flow 19-2248] Failed to load user IP repository 'c:/Users/Jihoon Lee/Desktop/h264v2/rtl'; Can't find the specified path.
If this directory should no longer be in your list of user repositories, go to the IP Settings dialog and remove it.
INFO: [IP_Flow 19-2313] Loaded Vivado IP repository 'F:/Xilinx/Vivado/2022.2/data/ip'.
WARNING: [IP_Flow 19-4995] The host OS only allows 260 characters in a normal path. The IP cache path is more than 80 characters. If you experience issues with IP caching, please consider changing the IP cache to a location with a shorter path. Alternately consider using the OS subst command to map part of the path to a drive letter. 
Current IP cache path is C:/Users/Jihoon Lee/Desktop/commento/commento_fpga_material/Reference/Week4/week4/week4.runs/impl_1/{C:/Users/Jihoon Lee/Desktop/commento/commento_fpga_material/Reference/Week4/week4/week4.cache/ip} 
Command: link_design -top spi_bmp280 -part xc7a35tcpg236-1
Design is defaulting to srcset: sources_1
Design is defaulting to constrset: constrs_1
INFO: [Device 21-403] Loading part xc7a35tcpg236-1
INFO: [Project 1-454] Reading design checkpoint 'c:/Users/Jihoon Lee/Desktop/commento/commento_fpga_material/Reference/Week4/week4/week4.gen/sources_1/ip/ila_spi/ila_spi.dcp' for cell 'ila'
INFO: [Project 1-454] Reading design checkpoint 'c:/Users/Jihoon Lee/Desktop/commento/commento_fpga_material/Reference/Week4/week4/week4.gen/sources_1/ip/mmcm_spi/mmcm_spi.dcp' for cell 'mmcm'
INFO: [Project 1-454] Reading design checkpoint 'c:/Users/Jihoon Lee/Desktop/commento/commento_fpga_material/Reference/Week4/week4/week4.gen/sources_1/ip/vio/vio.dcp' for cell 'vio'
Netlist sorting complete. Time (s): cpu = 00:00:00 ; elapsed = 00:00:00.045 . Memory (MB): peak = 901.145 ; gain = 0.000
INFO: [Netlist 29-17] Analyzing 134 Unisim elements for replacement
INFO: [Netlist 29-28] Unisim Transformation completed in 0 CPU seconds
INFO: [Project 1-479] Netlist was created with Vivado 2022.2
INFO: [Project 1-570] Preparing netlist for logic optimization
INFO: [Chipscope 16-324] Core: ila UUID: 901a5f55-8b29-50a8-8131-f43987f6be78 
INFO: [Chipscope 16-324] Core: vio UUID: 1be27d51-1a4c-50dc-974f-3e22d2c609b9 
Parsing XDC File [c:/Users/Jihoon Lee/Desktop/commento/commento_fpga_material/Reference/Week4/week4/week4.gen/sources_1/ip/ila_spi/ila_v6_2/constraints/ila_impl.xdc] for cell 'ila/inst'
Finished Parsing XDC File [c:/Users/Jihoon Lee/Desktop/commento/commento_fpga_material/Reference/Week4/week4/week4.gen/sources_1/ip/ila_spi/ila_v6_2/constraints/ila_impl.xdc] for cell 'ila/inst'
Parsing XDC File [c:/Users/Jihoon Lee/Desktop/commento/commento_fpga_material/Reference/Week4/week4/week4.gen/sources_1/ip/ila_spi/ila_v6_2/constraints/ila.xdc] for cell 'ila/inst'
Finished Parsing XDC File [c:/Users/Jihoon Lee/Desktop/commento/commento_fpga_material/Reference/Week4/week4/week4.gen/sources_1/ip/ila_spi/ila_v6_2/constraints/ila.xdc] for cell 'ila/inst'
Parsing XDC File [c:/Users/Jihoon Lee/Desktop/commento/commento_fpga_material/Reference/Week4/week4/week4.gen/sources_1/ip/vio/vio.xdc] for cell 'vio'
Finished Parsing XDC File [c:/Users/Jihoon Lee/Desktop/commento/commento_fpga_material/Reference/Week4/week4/week4.gen/sources_1/ip/vio/vio.xdc] for cell 'vio'
Parsing XDC File [c:/Users/Jihoon Lee/Desktop/commento/commento_fpga_material/Reference/Week4/week4/week4.gen/sources_1/ip/mmcm_spi/mmcm_spi_board.xdc] for cell 'mmcm/inst'
Finished Parsing XDC File [c:/Users/Jihoon Lee/Desktop/commento/commento_fpga_material/Reference/Week4/week4/week4.gen/sources_1/ip/mmcm_spi/mmcm_spi_board.xdc] for cell 'mmcm/inst'
Parsing XDC File [c:/Users/Jihoon Lee/Desktop/commento/commento_fpga_material/Reference/Week4/week4/week4.gen/sources_1/ip/mmcm_spi/mmcm_spi.xdc] for cell 'mmcm/inst'
INFO: [Timing 38-35] Done setting XDC timing constraints. [c:/Users/Jihoon Lee/Desktop/commento/commento_fpga_material/Reference/Week4/week4/week4.gen/sources_1/ip/mmcm_spi/mmcm_spi.xdc:57]
INFO: [Timing 38-2] Deriving generated clocks [c:/Users/Jihoon Lee/Desktop/commento/commento_fpga_material/Reference/Week4/week4/week4.gen/sources_1/ip/mmcm_spi/mmcm_spi.xdc:57]
Finished Parsing XDC File [c:/Users/Jihoon Lee/Desktop/commento/commento_fpga_material/Reference/Week4/week4/week4.gen/sources_1/ip/mmcm_spi/mmcm_spi.xdc] for cell 'mmcm/inst'
Parsing XDC File [C:/Users/Jihoon Lee/Desktop/commento/commento_fpga_material/Reference/Week4/week4/week4.srcs/constrs_1/new/spi.xdc]
WARNING: [Vivado 12-507] No nets matched 'clk_IBUF'. [C:/Users/Jihoon Lee/Desktop/commento/commento_fpga_material/Reference/Week4/week4/week4.srcs/constrs_1/new/spi.xdc:9]
CRITICAL WARNING: [Common 17-162] Invalid option value specified for '-nets'. [C:/Users/Jihoon Lee/Desktop/commento/commento_fpga_material/Reference/Week4/week4/week4.srcs/constrs_1/new/spi.xdc:9]
Finished Parsing XDC File [C:/Users/Jihoon Lee/Desktop/commento/commento_fpga_material/Reference/Week4/week4/week4.srcs/constrs_1/new/spi.xdc]
INFO: [Opt 31-138] Pushed 0 inverter(s) to 0 load pin(s).
Netlist sorting complete. Time (s): cpu = 00:00:00 ; elapsed = 00:00:00.002 . Memory (MB): peak = 1593.434 ; gain = 0.000
INFO: [Project 1-111] Unisim Transformation Summary:
  A total of 60 instances were transformed.
  CFGLUT5 => CFGLUT5 (SRL16E, SRLC32E): 60 instances

16 Infos, 3 Warnings, 1 Critical Warnings and 0 Errors encountered.
link_design completed successfully
INFO: [Common 17-600] The following parameters have non-default value.
tcl.statsThreshold, tcl.collectionResultDisplayLimit
Command: opt_design
Attempting to get a license for feature 'Implementation' and/or device 'xc7a35t'
INFO: [Common 17-349] Got license for feature 'Implementation' and/or device 'xc7a35t'
Running DRC as a precondition to command opt_design

Starting DRC Task
INFO: [DRC 23-27] Running DRC with 2 threads
INFO: [Project 1-461] DRC finished with 0 Errors
INFO: [Project 1-462] Please refer to the DRC report (report_drc) for more information.

Time (s): cpu = 00:00:01 ; elapsed = 00:00:01 . Memory (MB): peak = 1593.434 ; gain = 0.000

Starting Cache Timing Information Task
INFO: [Timing 38-35] Done setting XDC timing constraints.
Ending Cache Timing Information Task | Checksum: 1a5e5ab2c

Time (s): cpu = 00:00:01 ; elapsed = 00:00:00.139 . Memory (MB): peak = 1612.371 ; gain = 18.938

Starting Logic Optimization Task

Phase 1 Generate And Synthesize Debug Cores
INFO: [Chipscope 16-329] Generating Script for core instance : dbg_hub 
INFO: [IP_Flow 19-3806] Processing IP xilinx.com:ip:xsdbm:3.0 for cell dbg_hub_CV.
Netlist sorting complete. Time (s): cpu = 00:00:00 ; elapsed = 00:00:00.028 . Memory (MB): peak = 1951.297 ; gain = 0.000
Phase 1 Generate And Synthesize Debug Cores | Checksum: 1b2ea6aa0

Time (s): cpu = 00:00:01 ; elapsed = 00:01:19 . Memory (MB): peak = 1951.297 ; gain = 19.891

Phase 2 Retarget
INFO: [Opt 31-138] Pushed 1 inverter(s) to 1 load pin(s).
INFO: [Opt 31-49] Retargeted 0 cell(s).
Phase 2 Retarget | Checksum: 1659fbd31

Time (s): cpu = 00:00:02 ; elapsed = 00:01:19 . Memory (MB): peak = 1951.297 ; gain = 19.891
INFO: [Opt 31-389] Phase Retarget created 5 cells and removed 21 cells
INFO: [Opt 31-1021] In phase Retarget, 71 netlist objects are constrained preventing optimization. Please run opt_design with -debug_log to get more detail. 

Phase 3 Constant propagation
INFO: [Opt 31-138] Pushed 0 inverter(s) to 0 load pin(s).
Phase 3 Constant propagation | Checksum: 19a1b1458

Time (s): cpu = 00:00:02 ; elapsed = 00:01:19 . Memory (MB): peak = 1951.297 ; gain = 19.891
INFO: [Opt 31-389] Phase Constant propagation created 0 cells and removed 16 cells
INFO: [Opt 31-1021] In phase Constant propagation, 51 netlist objects are constrained preventing optimization. Please run opt_design with -debug_log to get more detail. 

Phase 4 Sweep
Phase 4 Sweep | Checksum: 1d7c34bde

Time (s): cpu = 00:00:02 ; elapsed = 00:01:19 . Memory (MB): peak = 1951.297 ; gain = 19.891
INFO: [Opt 31-389] Phase Sweep created 0 cells and removed 40 cells
INFO: [Opt 31-1021] In phase Sweep, 1199 netlist objects are constrained preventing optimization. Please run opt_design with -debug_log to get more detail. 

Phase 5 BUFG optimization
Phase 5 BUFG optimization | Checksum: 1d7c34bde

Time (s): cpu = 00:00:02 ; elapsed = 00:01:19 . Memory (MB): peak = 1951.297 ; gain = 19.891
INFO: [Opt 31-662] Phase BUFG optimization created 0 cells of which 0 are BUFGs and removed 0 cells.

Phase 6 Shift Register Optimization
INFO: [Opt 31-1064] SRL Remap converted 0 SRLs to 0 registers and converted 0 registers of register chains to 0 SRLs
Phase 6 Shift Register Optimization | Checksum: 1d7c34bde

Time (s): cpu = 00:00:02 ; elapsed = 00:01:19 . Memory (MB): peak = 1951.297 ; gain = 19.891
INFO: [Opt 31-389] Phase Shift Register Optimization created 0 cells and removed 0 cells

Phase 7 Post Processing Netlist
Phase 7 Post Processing Netlist | Checksum: 1d7c34bde

Time (s): cpu = 00:00:02 ; elapsed = 00:01:19 . Memory (MB): peak = 1951.297 ; gain = 19.891
INFO: [Opt 31-389] Phase Post Processing Netlist created 0 cells and removed 0 cells
INFO: [Opt 31-1021] In phase Post Processing Netlist, 57 netlist objects are constrained preventing optimization. Please run opt_design with -debug_log to get more detail. 
Opt_design Change Summary
=========================


-------------------------------------------------------------------------------------------------------------------------
|  Phase                        |  #Cells created  |  #Cells Removed  |  #Constrained objects preventing optimizations  |
-------------------------------------------------------------------------------------------------------------------------
|  Retarget                     |               5  |              21  |                                             71  |
|  Constant propagation         |               0  |              16  |                                             51  |
|  Sweep                        |               0  |              40  |                                           1199  |
|  BUFG optimization            |               0  |               0  |                                              0  |
|  Shift Register Optimization  |               0  |               0  |                                              0  |
|  Post Processing Netlist      |               0  |               0  |                                             57  |
-------------------------------------------------------------------------------------------------------------------------



Starting Connectivity Check Task

Time (s): cpu = 00:00:00 ; elapsed = 00:00:00.006 . Memory (MB): peak = 1951.297 ; gain = 0.000
Ending Logic Optimization Task | Checksum: 1d0407864

Time (s): cpu = 00:00:02 ; elapsed = 00:01:19 . Memory (MB): peak = 1951.297 ; gain = 19.891

Starting Power Optimization Task
INFO: [Pwropt 34-132] Skipping clock gating for clocks with a period < 2.00 ns.
INFO: [Timing 38-35] Done setting XDC timing constraints.
Running Vector-less Activity Propagation...
INFO: [Pwropt 34-9] Applying IDT optimizations ...
INFO: [Pwropt 34-10] Applying ODC optimizations ...

Finished Running Vector-less Activity Propagation


Starting PowerOpt Patch Enables Task
INFO: [Pwropt 34-162] WRITE_MODE attribute of 0 BRAM(s) out of a total of 8 has been updated to save power. Run report_power_opt to get a complete listing of the BRAMs updated.
INFO: [Pwropt 34-201] Structural ODC has moved 0 WE to EN ports
Number of BRAM Ports augmented: 12 newly gated: 0 Total Ports: 16
Ending PowerOpt Patch Enables Task | Checksum: 1b3fe5ccf

Time (s): cpu = 00:00:00 ; elapsed = 00:00:00.059 . Memory (MB): peak = 2034.488 ; gain = 0.000
Ending Power Optimization Task | Checksum: 1b3fe5ccf

Time (s): cpu = 00:00:02 ; elapsed = 00:00:01 . Memory (MB): peak = 2034.488 ; gain = 83.191

Starting Final Cleanup Task

Starting Logic Optimization Task
INFO: [Timing 38-35] Done setting XDC timing constraints.
Ending Logic Optimization Task | Checksum: 10cea49ff

Time (s): cpu = 00:00:00 ; elapsed = 00:00:00.292 . Memory (MB): peak = 2034.488 ; gain = 0.000
Ending Final Cleanup Task | Checksum: 10cea49ff

Time (s): cpu = 00:00:03 ; elapsed = 00:00:03 . Memory (MB): peak = 2034.488 ; gain = 0.000

Starting Netlist Obfuscation Task
Netlist sorting complete. Time (s): cpu = 00:00:00 ; elapsed = 00:00:00.003 . Memory (MB): peak = 2034.488 ; gain = 0.000
Ending Netlist Obfuscation Task | Checksum: 10cea49ff

Time (s): cpu = 00:00:00 ; elapsed = 00:00:00.003 . Memory (MB): peak = 2034.488 ; gain = 0.000
INFO: [Common 17-83] Releasing license: Implementation
49 Infos, 3 Warnings, 1 Critical Warnings and 0 Errors encountered.
opt_design completed successfully
INFO: [Common 17-600] The following parameters have non-default value.
tcl.statsThreshold, tcl.collectionResultDisplayLimit
INFO: [Timing 38-35] Done setting XDC timing constraints.
INFO: [Timing 38-480] Writing timing data to binary archive.
Writing XDEF routing.
Writing XDEF routing logical nets.
Writing XDEF routing special nets.
Write XDEF Complete: Time (s): cpu = 00:00:00 ; elapsed = 00:00:00.026 . Memory (MB): peak = 2034.488 ; gain = 0.000
INFO: [Common 17-1381] The checkpoint 'C:/Users/Jihoon Lee/Desktop/commento/commento_fpga_material/Reference/Week4/week4/week4.runs/impl_1/spi_bmp280_opt.dcp' has been generated.
INFO: [runtcl-4] Executing : report_drc -file spi_bmp280_drc_opted.rpt -pb spi_bmp280_drc_opted.pb -rpx spi_bmp280_drc_opted.rpx
Command: report_drc -file spi_bmp280_drc_opted.rpt -pb spi_bmp280_drc_opted.pb -rpx spi_bmp280_drc_opted.rpx
INFO: [IP_Flow 19-1839] IP Catalog is up to date.
INFO: [DRC 23-27] Running DRC with 2 threads
INFO: [Vivado_Tcl 2-168] The results of DRC are in file C:/Users/Jihoon Lee/Desktop/commento/commento_fpga_material/Reference/Week4/week4/week4.runs/impl_1/spi_bmp280_drc_opted.rpt.
report_drc completed successfully
INFO: [Chipscope 16-240] Debug cores have already been implemented
Command: place_design
Attempting to get a license for feature 'Implementation' and/or device 'xc7a35t'
INFO: [Common 17-349] Got license for feature 'Implementation' and/or device 'xc7a35t'
INFO: [DRC 23-27] Running DRC with 2 threads
INFO: [Vivado_Tcl 4-198] DRC finished with 0 Errors
INFO: [Vivado_Tcl 4-199] Please refer to the DRC report (report_drc) for more information.
Running DRC as a precondition to command place_design
INFO: [DRC 23-27] Running DRC with 2 threads
INFO: [Vivado_Tcl 4-198] DRC finished with 0 Errors
INFO: [Vivado_Tcl 4-199] Please refer to the DRC report (report_drc) for more information.

Starting Placer Task
INFO: [Place 30-611] Multithreading enabled for place_design using a maximum of 2 CPUs

Phase 1 Placer Initialization

Phase 1.1 Placer Initialization Netlist Sorting
Netlist sorting complete. Time (s): cpu = 00:00:00 ; elapsed = 00:00:00.002 . Memory (MB): peak = 2034.488 ; gain = 0.000
Phase 1.1 Placer Initialization Netlist Sorting | Checksum: ee55daa7

Time (s): cpu = 00:00:00 ; elapsed = 00:00:00.008 . Memory (MB): peak = 2034.488 ; gain = 0.000
Netlist sorting complete. Time (s): cpu = 00:00:00 ; elapsed = 00:00:00.003 . Memory (MB): peak = 2034.488 ; gain = 0.000

Phase 1.2 IO Placement/ Clock Placement/ Build Placer Device
Phase 1.2 IO Placement/ Clock Placement/ Build Placer Device | Checksum: a1d27795

Time (s): cpu = 00:00:00 ; elapsed = 00:00:00.404 . Memory (MB): peak = 2034.488 ; gain = 0.000

Phase 1.3 Build Placer Netlist Model
Phase 1.3 Build Placer Netlist Model | Checksum: 147740ab8

Time (s): cpu = 00:00:01 ; elapsed = 00:00:01 . Memory (MB): peak = 2034.488 ; gain = 0.000

Phase 1.4 Constrain Clocks/Macros
Phase 1.4 Constrain Clocks/Macros | Checksum: 147740ab8

Time (s): cpu = 00:00:01 ; elapsed = 00:00:01 . Memory (MB): peak = 2034.488 ; gain = 0.000
Phase 1 Placer Initialization | Checksum: 147740ab8

Time (s): cpu = 00:00:01 ; elapsed = 00:00:01 . Memory (MB): peak = 2034.488 ; gain = 0.000

Phase 2 Global Placement

Phase 2.1 Floorplanning
Phase 2.1 Floorplanning | Checksum: f07e84d1

Time (s): cpu = 00:00:02 ; elapsed = 00:00:01 . Memory (MB): peak = 2034.488 ; gain = 0.000

Phase 2.2 Update Timing before SLR Path Opt
Phase 2.2 Update Timing before SLR Path Opt | Checksum: 10df27ee2

Time (s): cpu = 00:00:02 ; elapsed = 00:00:01 . Memory (MB): peak = 2034.488 ; gain = 0.000

Phase 2.3 Post-Processing in Floorplanning
Phase 2.3 Post-Processing in Floorplanning | Checksum: 10df27ee2

Time (s): cpu = 00:00:02 ; elapsed = 00:00:01 . Memory (MB): peak = 2034.488 ; gain = 0.000

Phase 2.4 Global Placement Core

Phase 2.4.1 UpdateTiming Before Physical Synthesis
Phase 2.4.1 UpdateTiming Before Physical Synthesis | Checksum: 11fd2e0d2

Time (s): cpu = 00:00:07 ; elapsed = 00:00:04 . Memory (MB): peak = 2034.488 ; gain = 0.000

Phase 2.4.2 Physical Synthesis In Placer
INFO: [Physopt 32-1035] Found 0 LUTNM shape to break, 165 LUT instances to create LUTNM shape
INFO: [Physopt 32-1044] Break lutnm for timing: one critical 0, two critical 0, total 0, new lutff created 0
INFO: [Physopt 32-1138] End 1 Pass. Optimized 73 nets or LUTs. Breaked 0 LUT, combined 73 existing LUTs and moved 0 existing LUT
INFO: [Physopt 32-65] No nets found for high-fanout optimization.
INFO: [Physopt 32-232] Optimized 0 net. Created 0 new instance.
INFO: [Physopt 32-775] End 1 Pass. Optimized 0 net or cell. Created 0 new cell, deleted 0 existing cell and moved 0 existing cell
INFO: [Physopt 32-670] No setup violation found.  DSP Register Optimization was not performed.
INFO: [Physopt 32-670] No setup violation found.  Shift Register to Pipeline Optimization was not performed.
INFO: [Physopt 32-670] No setup violation found.  Shift Register Optimization was not performed.
INFO: [Physopt 32-670] No setup violation found.  BRAM Register Optimization was not performed.
INFO: [Physopt 32-670] No setup violation found.  URAM Register Optimization was not performed.
INFO: [Physopt 32-949] No candidate nets found for dynamic/static region interface net replication
INFO: [Physopt 32-775] End 1 Pass. Optimized 0 net or cell. Created 0 new cell, deleted 0 existing cell and moved 0 existing cell
Netlist sorting complete. Time (s): cpu = 00:00:00 ; elapsed = 00:00:00.002 . Memory (MB): peak = 2034.488 ; gain = 0.000

Summary of Physical Synthesis Optimizations
============================================


-----------------------------------------------------------------------------------------------------------------------------------------------------------
|  Optimization                                     |  Added Cells  |  Removed Cells  |  Optimized Cells/Nets  |  Dont Touch  |  Iterations  |  Elapsed   |
-----------------------------------------------------------------------------------------------------------------------------------------------------------
|  LUT Combining                                    |            0  |             73  |                    73  |           0  |           1  |  00:00:00  |
|  Retime                                           |            0  |              0  |                     0  |           0  |           1  |  00:00:00  |
|  Very High Fanout                                 |            0  |              0  |                     0  |           0  |           1  |  00:00:00  |
|  DSP Register                                     |            0  |              0  |                     0  |           0  |           0  |  00:00:00  |
|  Shift Register to Pipeline                       |            0  |              0  |                     0  |           0  |           0  |  00:00:00  |
|  Shift Register                                   |            0  |              0  |                     0  |           0  |           0  |  00:00:00  |
|  BRAM Register                                    |            0  |              0  |                     0  |           0  |           0  |  00:00:00  |
|  URAM Register                                    |            0  |              0  |                     0  |           0  |           0  |  00:00:00  |
|  Dynamic/Static Region Interface Net Replication  |            0  |              0  |                     0  |           0  |           1  |  00:00:00  |
|  Total                                            |            0  |             73  |                    73  |           0  |           4  |  00:00:00  |
-----------------------------------------------------------------------------------------------------------------------------------------------------------


Phase 2.4.2 Physical Synthesis In Placer | Checksum: 707e8904

Time (s): cpu = 00:00:07 ; elapsed = 00:00:04 . Memory (MB): peak = 2034.488 ; gain = 0.000
Phase 2.4 Global Placement Core | Checksum: 104ac30d9

Time (s): cpu = 00:00:07 ; elapsed = 00:00:04 . Memory (MB): peak = 2034.488 ; gain = 0.000
Phase 2 Global Placement | Checksum: 104ac30d9

Time (s): cpu = 00:00:07 ; elapsed = 00:00:04 . Memory (MB): peak = 2034.488 ; gain = 0.000

Phase 3 Detail Placement

Phase 3.1 Commit Multi Column Macros
Phase 3.1 Commit Multi Column Macros | Checksum: 2aa79688

Time (s): cpu = 00:00:08 ; elapsed = 00:00:04 . Memory (MB): peak = 2034.488 ; gain = 0.000

Phase 3.2 Commit Most Macros & LUTRAMs
Phase 3.2 Commit Most Macros & LUTRAMs | Checksum: 45ffb5e1

Time (s): cpu = 00:00:08 ; elapsed = 00:00:05 . Memory (MB): peak = 2034.488 ; gain = 0.000

Phase 3.3 Area Swap Optimization
Phase 3.3 Area Swap Optimization | Checksum: f814e500

Time (s): cpu = 00:00:08 ; elapsed = 00:00:05 . Memory (MB): peak = 2034.488 ; gain = 0.000

Phase 3.4 Pipeline Register Optimization
Phase 3.4 Pipeline Register Optimization | Checksum: d9affd0c

Time (s): cpu = 00:00:08 ; elapsed = 00:00:05 . Memory (MB): peak = 2034.488 ; gain = 0.000

Phase 3.5 Small Shape Detail Placement
Phase 3.5 Small Shape Detail Placement | Checksum: fc2ef0b2

Time (s): cpu = 00:00:09 ; elapsed = 00:00:05 . Memory (MB): peak = 2034.488 ; gain = 0.000

Phase 3.6 Re-assign LUT pins
Phase 3.6 Re-assign LUT pins | Checksum: ab7afb8e

Time (s): cpu = 00:00:09 ; elapsed = 00:00:06 . Memory (MB): peak = 2034.488 ; gain = 0.000

Phase 3.7 Pipeline Register Optimization
Phase 3.7 Pipeline Register Optimization | Checksum: 104e5e3ba

Time (s): cpu = 00:00:09 ; elapsed = 00:00:06 . Memory (MB): peak = 2034.488 ; gain = 0.000
Phase 3 Detail Placement | Checksum: 104e5e3ba

Time (s): cpu = 00:00:09 ; elapsed = 00:00:06 . Memory (MB): peak = 2034.488 ; gain = 0.000

Phase 4 Post Placement Optimization and Clean-Up

Phase 4.1 Post Commit Optimization
INFO: [Timing 38-35] Done setting XDC timing constraints.

Phase 4.1.1 Post Placement Optimization
Post Placement Optimization Initialization | Checksum: 1a44c3eb2

Phase 4.1.1.1 BUFG Insertion

Starting Physical Synthesis Task

Phase 1 Physical Synthesis Initialization
INFO: [Physopt 32-721] Multithreading enabled for phys_opt_design using a maximum of 2 CPUs
INFO: [Physopt 32-619] Estimated Timing Summary | WNS=13.764 | TNS=0.000 |
Phase 1 Physical Synthesis Initialization | Checksum: 1338e0510

Time (s): cpu = 00:00:01 ; elapsed = 00:00:00.156 . Memory (MB): peak = 2034.488 ; gain = 0.000
INFO: [Place 46-56] BUFG insertion identified 0 candidate nets. Inserted BUFG: 0, Replicated BUFG Driver: 0, Skipped due to Placement/Routing Conflicts: 0, Skipped due to Timing Degradation: 0, Skipped due to Illegal Netlist: 0.
Ending Physical Synthesis Task | Checksum: 189bb656e

Time (s): cpu = 00:00:01 ; elapsed = 00:00:00.176 . Memory (MB): peak = 2034.488 ; gain = 0.000
Phase 4.1.1.1 BUFG Insertion | Checksum: 1a44c3eb2

Time (s): cpu = 00:00:11 ; elapsed = 00:00:07 . Memory (MB): peak = 2034.488 ; gain = 0.000

Phase 4.1.1.2 Post Placement Timing Optimization
INFO: [Place 30-746] Post Placement Timing Summary WNS=13.764. For the most accurate timing information please run report_timing.
Phase 4.1.1.2 Post Placement Timing Optimization | Checksum: 215909609

Time (s): cpu = 00:00:11 ; elapsed = 00:00:07 . Memory (MB): peak = 2034.488 ; gain = 0.000

Time (s): cpu = 00:00:11 ; elapsed = 00:00:07 . Memory (MB): peak = 2034.488 ; gain = 0.000
Phase 4.1 Post Commit Optimization | Checksum: 215909609

Time (s): cpu = 00:00:11 ; elapsed = 00:00:07 . Memory (MB): peak = 2034.488 ; gain = 0.000

Phase 4.2 Post Placement Cleanup
Phase 4.2 Post Placement Cleanup | Checksum: 215909609

Time (s): cpu = 00:00:11 ; elapsed = 00:00:07 . Memory (MB): peak = 2034.488 ; gain = 0.000

Phase 4.3 Placer Reporting

Phase 4.3.1 Print Estimated Congestion
INFO: [Place 30-612] Post-Placement Estimated Congestion 
 ____________________________________________________
|           | Global Congestion | Short Congestion  |
| Direction | Region Size       | Region Size       |
|___________|___________________|___________________|
|      North|                1x1|                1x1|
|___________|___________________|___________________|
|      South|                1x1|                1x1|
|___________|___________________|___________________|
|       East|                1x1|                1x1|
|___________|___________________|___________________|
|       West|                1x1|                1x1|
|___________|___________________|___________________|

Phase 4.3.1 Print Estimated Congestion | Checksum: 215909609

Time (s): cpu = 00:00:11 ; elapsed = 00:00:07 . Memory (MB): peak = 2034.488 ; gain = 0.000
Phase 4.3 Placer Reporting | Checksum: 215909609

Time (s): cpu = 00:00:11 ; elapsed = 00:00:07 . Memory (MB): peak = 2034.488 ; gain = 0.000

Phase 4.4 Final Placement Cleanup
Netlist sorting complete. Time (s): cpu = 00:00:00 ; elapsed = 00:00:00.002 . Memory (MB): peak = 2034.488 ; gain = 0.000

Time (s): cpu = 00:00:11 ; elapsed = 00:00:07 . Memory (MB): peak = 2034.488 ; gain = 0.000
Phase 4 Post Placement Optimization and Clean-Up | Checksum: 1c96daedd

Time (s): cpu = 00:00:11 ; elapsed = 00:00:07 . Memory (MB): peak = 2034.488 ; gain = 0.000
Ending Placer Task | Checksum: 11f040eea

Time (s): cpu = 00:00:11 ; elapsed = 00:00:07 . Memory (MB): peak = 2034.488 ; gain = 0.000
INFO: [Common 17-83] Releasing license: Implementation
86 Infos, 3 Warnings, 1 Critical Warnings and 0 Errors encountered.
place_design completed successfully
INFO: [Common 17-600] The following parameters have non-default value.
tcl.statsThreshold
INFO: [Timing 38-480] Writing timing data to binary archive.
Writing XDEF routing.
Writing XDEF routing logical nets.
Writing XDEF routing special nets.
Write XDEF Complete: Time (s): cpu = 00:00:01 ; elapsed = 00:00:00.360 . Memory (MB): peak = 2034.488 ; gain = 0.000
INFO: [Common 17-1381] The checkpoint 'C:/Users/Jihoon Lee/Desktop/commento/commento_fpga_material/Reference/Week4/week4/week4.runs/impl_1/spi_bmp280_placed.dcp' has been generated.
INFO: [runtcl-4] Executing : report_io -file spi_bmp280_io_placed.rpt
report_io: Time (s): cpu = 00:00:00 ; elapsed = 00:00:00.027 . Memory (MB): peak = 2034.488 ; gain = 0.000
INFO: [runtcl-4] Executing : report_utilization -file spi_bmp280_utilization_placed.rpt -pb spi_bmp280_utilization_placed.pb
INFO: [runtcl-4] Executing : report_control_sets -verbose -file spi_bmp280_control_sets_placed.rpt
report_control_sets: Time (s): cpu = 00:00:00 ; elapsed = 00:00:00.014 . Memory (MB): peak = 2034.488 ; gain = 0.000
Command: phys_opt_design
Attempting to get a license for feature 'Implementation' and/or device 'xc7a35t'
INFO: [Common 17-349] Got license for feature 'Implementation' and/or device 'xc7a35t'

Starting Initial Update Timing Task

Time (s): cpu = 00:00:01 ; elapsed = 00:00:00.510 . Memory (MB): peak = 2034.488 ; gain = 0.000
INFO: [Vivado_Tcl 4-383] Design worst setup slack (WNS) is greater than or equal to 0.000 ns. Skipping all physical synthesis optimizations.
INFO: [Vivado_Tcl 4-232] No setup violation found. The netlist was not modified.
INFO: [Common 17-83] Releasing license: Implementation
96 Infos, 3 Warnings, 1 Critical Warnings and 0 Errors encountered.
phys_opt_design completed successfully
INFO: [Common 17-600] The following parameters have non-default value.
tcl.statsThreshold
INFO: [Timing 38-480] Writing timing data to binary archive.
Writing XDEF routing.
Writing XDEF routing logical nets.
Writing XDEF routing special nets.
Write XDEF Complete: Time (s): cpu = 00:00:01 ; elapsed = 00:00:00.360 . Memory (MB): peak = 2034.488 ; gain = 0.000
INFO: [Common 17-1381] The checkpoint 'C:/Users/Jihoon Lee/Desktop/commento/commento_fpga_material/Reference/Week4/week4/week4.runs/impl_1/spi_bmp280_physopt.dcp' has been generated.
Command: route_design
Attempting to get a license for feature 'Implementation' and/or device 'xc7a35t'
INFO: [Common 17-349] Got license for feature 'Implementation' and/or device 'xc7a35t'
Running DRC as a precondition to command route_design
INFO: [DRC 23-27] Running DRC with 2 threads
INFO: [Vivado_Tcl 4-198] DRC finished with 0 Errors
INFO: [Vivado_Tcl 4-199] Please refer to the DRC report (report_drc) for more information.


Starting Routing Task
INFO: [Route 35-254] Multithreading enabled for route_design using a maximum of 2 CPUs

Phase 1 Build RT Design
Checksum: PlaceDB: 8f52a8fa ConstDB: 0 ShapeSum: 8fb165f0 RouteDB: 0
Post Restoration Checksum: NetGraph: d853c0c3 NumContArr: 64f80328 Constraints: 0 Timing: 0
Phase 1 Build RT Design | Checksum: 13d4bc3eb

Time (s): cpu = 00:00:19 ; elapsed = 00:00:18 . Memory (MB): peak = 2068.387 ; gain = 33.898

Phase 2 Router Initialization

Phase 2.1 Fix Topology Constraints
Phase 2.1 Fix Topology Constraints | Checksum: 13d4bc3eb

Time (s): cpu = 00:00:19 ; elapsed = 00:00:18 . Memory (MB): peak = 2074.965 ; gain = 40.477

Phase 2.2 Pre Route Cleanup
Phase 2.2 Pre Route Cleanup | Checksum: 13d4bc3eb

Time (s): cpu = 00:00:19 ; elapsed = 00:00:18 . Memory (MB): peak = 2074.965 ; gain = 40.477
 Number of Nodes with overlaps = 0

Phase 2.3 Update Timing
Phase 2.3 Update Timing | Checksum: 203ff699c

Time (s): cpu = 00:00:21 ; elapsed = 00:00:19 . Memory (MB): peak = 2084.992 ; gain = 50.504
INFO: [Route 35-416] Intermediate Timing Summary | WNS=13.862 | TNS=0.000  | WHS=-0.193 | THS=-95.424|


Phase 2.4 Update Timing for Bus Skew

Phase 2.4.1 Update Timing
Phase 2.4.1 Update Timing | Checksum: 1b2d50722

Time (s): cpu = 00:00:21 ; elapsed = 00:00:19 . Memory (MB): peak = 2084.992 ; gain = 50.504
INFO: [Route 35-416] Intermediate Timing Summary | WNS=13.862 | TNS=0.000  | WHS=N/A    | THS=N/A    |

Phase 2.4 Update Timing for Bus Skew | Checksum: 1ae156124

Time (s): cpu = 00:00:21 ; elapsed = 00:00:19 . Memory (MB): peak = 2096.934 ; gain = 62.445

Router Utilization Summary
  Global Vertical Routing Utilization    = 0 %
  Global Horizontal Routing Utilization  = 0.000260281 %
  Routable Net Status*
  *Does not include unroutable nets such as driverless and loadless.
  Run report_route_status for detailed report.
  Number of Failed Nets               = 3467
    (Failed Nets is the sum of unrouted and partially routed nets)
  Number of Unrouted Nets             = 3466
  Number of Partially Routed Nets     = 1
  Number of Node Overlaps             = 0

Phase 2 Router Initialization | Checksum: 2114f5a9f

Time (s): cpu = 00:00:22 ; elapsed = 00:00:19 . Memory (MB): peak = 2096.934 ; gain = 62.445

Phase 3 Initial Routing

Phase 3.1 Global Routing
Phase 3.1 Global Routing | Checksum: 2114f5a9f

Time (s): cpu = 00:00:22 ; elapsed = 00:00:19 . Memory (MB): peak = 2096.934 ; gain = 62.445
Phase 3 Initial Routing | Checksum: 148ccf2dd

Time (s): cpu = 00:00:22 ; elapsed = 00:00:20 . Memory (MB): peak = 2096.934 ; gain = 62.445

Phase 4 Rip-up And Reroute

Phase 4.1 Global Iteration 0
 Number of Nodes with overlaps = 221
 Number of Nodes with overlaps = 1
 Number of Nodes with overlaps = 0
INFO: [Route 35-416] Intermediate Timing Summary | WNS=12.447 | TNS=0.000  | WHS=N/A    | THS=N/A    |

Phase 4.1 Global Iteration 0 | Checksum: 1729e1b53

Time (s): cpu = 00:00:23 ; elapsed = 00:00:21 . Memory (MB): peak = 2096.934 ; gain = 62.445

Phase 4.2 Global Iteration 1
 Number of Nodes with overlaps = 0
INFO: [Route 35-416] Intermediate Timing Summary | WNS=12.447 | TNS=0.000  | WHS=N/A    | THS=N/A    |

Phase 4.2 Global Iteration 1 | Checksum: 143f86124

Time (s): cpu = 00:00:24 ; elapsed = 00:00:21 . Memory (MB): peak = 2096.934 ; gain = 62.445
Phase 4 Rip-up And Reroute | Checksum: 143f86124

Time (s): cpu = 00:00:24 ; elapsed = 00:00:21 . Memory (MB): peak = 2096.934 ; gain = 62.445

Phase 5 Delay and Skew Optimization

Phase 5.1 Delay CleanUp

Phase 5.1.1 Update Timing
Phase 5.1.1 Update Timing | Checksum: 51592a90

Time (s): cpu = 00:00:24 ; elapsed = 00:00:21 . Memory (MB): peak = 2096.934 ; gain = 62.445
INFO: [Route 35-416] Intermediate Timing Summary | WNS=12.454 | TNS=0.000  | WHS=N/A    | THS=N/A    |

Phase 5.1 Delay CleanUp | Checksum: 4d13ceca

Time (s): cpu = 00:00:24 ; elapsed = 00:00:21 . Memory (MB): peak = 2096.934 ; gain = 62.445

Phase 5.2 Clock Skew Optimization
Phase 5.2 Clock Skew Optimization | Checksum: 4d13ceca

Time (s): cpu = 00:00:24 ; elapsed = 00:00:21 . Memory (MB): peak = 2096.934 ; gain = 62.445
Phase 5 Delay and Skew Optimization | Checksum: 4d13ceca

Time (s): cpu = 00:00:24 ; elapsed = 00:00:21 . Memory (MB): peak = 2096.934 ; gain = 62.445

Phase 6 Post Hold Fix

Phase 6.1 Hold Fix Iter

Phase 6.1.1 Update Timing
Phase 6.1.1 Update Timing | Checksum: aff8ab63

Time (s): cpu = 00:00:24 ; elapsed = 00:00:21 . Memory (MB): peak = 2096.934 ; gain = 62.445
INFO: [Route 35-416] Intermediate Timing Summary | WNS=12.454 | TNS=0.000  | WHS=0.020  | THS=0.000  |

Phase 6.1 Hold Fix Iter | Checksum: e1d0b2d1

Time (s): cpu = 00:00:24 ; elapsed = 00:00:21 . Memory (MB): peak = 2096.934 ; gain = 62.445
Phase 6 Post Hold Fix | Checksum: e1d0b2d1

Time (s): cpu = 00:00:24 ; elapsed = 00:00:21 . Memory (MB): peak = 2096.934 ; gain = 62.445

Phase 7 Route finalize

Router Utilization Summary
  Global Vertical Routing Utilization    = 0.766723 %
  Global Horizontal Routing Utilization  = 0.864133 %
  Routable Net Status*
  *Does not include unroutable nets such as driverless and loadless.
  Run report_route_status for detailed report.
  Number of Failed Nets               = 0
    (Failed Nets is the sum of unrouted and partially routed nets)
  Number of Unrouted Nets             = 0
  Number of Partially Routed Nets     = 0
  Number of Node Overlaps             = 0

Phase 7 Route finalize | Checksum: b8299c29

Time (s): cpu = 00:00:24 ; elapsed = 00:00:21 . Memory (MB): peak = 2096.934 ; gain = 62.445

Phase 8 Verifying routed nets

 Verification completed successfully
Phase 8 Verifying routed nets | Checksum: b8299c29

Time (s): cpu = 00:00:24 ; elapsed = 00:00:21 . Memory (MB): peak = 2096.934 ; gain = 62.445

Phase 9 Depositing Routes
Phase 9 Depositing Routes | Checksum: 1a70b82be

Time (s): cpu = 00:00:25 ; elapsed = 00:00:22 . Memory (MB): peak = 2096.934 ; gain = 62.445

Phase 10 Post Router Timing
INFO: [Route 35-57] Estimated Timing Summary | WNS=12.454 | TNS=0.000  | WHS=0.020  | THS=0.000  |

INFO: [Route 35-327] The final timing numbers are based on the router estimated timing analysis. For a complete and accurate timing signoff, please run report_timing_summary.
Phase 10 Post Router Timing | Checksum: 1a70b82be

Time (s): cpu = 00:00:25 ; elapsed = 00:00:22 . Memory (MB): peak = 2096.934 ; gain = 62.445
INFO: [Route 35-16] Router Completed Successfully

Time (s): cpu = 00:00:25 ; elapsed = 00:00:22 . Memory (MB): peak = 2096.934 ; gain = 62.445

Routing Is Done.
INFO: [Common 17-83] Releasing license: Implementation
114 Infos, 3 Warnings, 1 Critical Warnings and 0 Errors encountered.
route_design completed successfully
INFO: [Common 17-600] The following parameters have non-default value.
tcl.statsThreshold
INFO: [Timing 38-480] Writing timing data to binary archive.
Writing XDEF routing.
Writing XDEF routing logical nets.
Writing XDEF routing special nets.
Write XDEF Complete: Time (s): cpu = 00:00:01 ; elapsed = 00:00:00.414 . Memory (MB): peak = 2107.906 ; gain = 10.973
INFO: [Common 17-1381] The checkpoint 'C:/Users/Jihoon Lee/Desktop/commento/commento_fpga_material/Reference/Week4/week4/week4.runs/impl_1/spi_bmp280_routed.dcp' has been generated.
INFO: [runtcl-4] Executing : report_drc -file spi_bmp280_drc_routed.rpt -pb spi_bmp280_drc_routed.pb -rpx spi_bmp280_drc_routed.rpx
Command: report_drc -file spi_bmp280_drc_routed.rpt -pb spi_bmp280_drc_routed.pb -rpx spi_bmp280_drc_routed.rpx
INFO: [IP_Flow 19-1839] IP Catalog is up to date.
INFO: [DRC 23-27] Running DRC with 2 threads
INFO: [Vivado_Tcl 2-168] The results of DRC are in file C:/Users/Jihoon Lee/Desktop/commento/commento_fpga_material/Reference/Week4/week4/week4.runs/impl_1/spi_bmp280_drc_routed.rpt.
report_drc completed successfully
INFO: [runtcl-4] Executing : report_methodology -file spi_bmp280_methodology_drc_routed.rpt -pb spi_bmp280_methodology_drc_routed.pb -rpx spi_bmp280_methodology_drc_routed.rpx
Command: report_methodology -file spi_bmp280_methodology_drc_routed.rpt -pb spi_bmp280_methodology_drc_routed.pb -rpx spi_bmp280_methodology_drc_routed.rpx
INFO: [Timing 38-35] Done setting XDC timing constraints.
INFO: [DRC 23-133] Running Methodology with 2 threads
INFO: [Vivado_Tcl 2-1520] The results of Report Methodology are in file C:/Users/Jihoon Lee/Desktop/commento/commento_fpga_material/Reference/Week4/week4/week4.runs/impl_1/spi_bmp280_methodology_drc_routed.rpt.
report_methodology completed successfully
INFO: [runtcl-4] Executing : report_power -file spi_bmp280_power_routed.rpt -pb spi_bmp280_power_summary_routed.pb -rpx spi_bmp280_power_routed.rpx
Command: report_power -file spi_bmp280_power_routed.rpt -pb spi_bmp280_power_summary_routed.pb -rpx spi_bmp280_power_routed.rpx
INFO: [Timing 38-35] Done setting XDC timing constraints.
Running Vector-less Activity Propagation...

Finished Running Vector-less Activity Propagation
127 Infos, 3 Warnings, 1 Critical Warnings and 0 Errors encountered.
report_power completed successfully
INFO: [runtcl-4] Executing : report_route_status -file spi_bmp280_route_status.rpt -pb spi_bmp280_route_status.pb
INFO: [runtcl-4] Executing : report_timing_summary -max_paths 10 -file spi_bmp280_timing_summary_routed.rpt -pb spi_bmp280_timing_summary_routed.pb -rpx spi_bmp280_timing_summary_routed.rpx -warn_on_violation 
INFO: [Timing 38-91] UpdateTimingParams: Speed grade: -1, Delay Type: min_max.
INFO: [Timing 38-191] Multithreading enabled for timing update using a maximum of 2 CPUs
WARNING: [Timing 38-436] There are set_bus_skew constraint(s) in this design. Please run report_bus_skew to ensure that bus skew requirements are met.
INFO: [runtcl-4] Executing : report_incremental_reuse -file spi_bmp280_incremental_reuse_routed.rpt
INFO: [Vivado_Tcl 4-1062] Incremental flow is disabled. No incremental reuse Info to report.
INFO: [runtcl-4] Executing : report_clock_utilization -file spi_bmp280_clock_utilization_routed.rpt
INFO: [runtcl-4] Executing : report_bus_skew -warn_on_violation -file spi_bmp280_bus_skew_routed.rpt -pb spi_bmp280_bus_skew_routed.pb -rpx spi_bmp280_bus_skew_routed.rpx
INFO: [Timing 38-91] UpdateTimingParams: Speed grade: -1, Delay Type: min_max.
INFO: [Timing 38-191] Multithreading enabled for timing update using a maximum of 2 CPUs
INFO: [Common 17-206] Exiting Vivado at Tue Aug 15 00:47:29 2023...
