
*** Running vivado
    with args -log gtwizard_0.vds -m64 -product Vivado -mode batch -messageDb vivado.pb -notrace -source gtwizard_0.tcl



****** Vivado v2022.2 (64-bit)
  **** SW Build 3671981 on Fri Oct 14 05:00:03 MDT 2022
  **** IP Build 3669848 on Fri Oct 14 08:30:02 MDT 2022
    ** Copyright 1986-2022 Xilinx, Inc. All Rights Reserved.

source gtwizard_0.tcl -notrace
INFO: [IP_Flow 19-6924] IPCACHE: Running cache check for IP inst: gtwizard_0
Command: synth_design -top gtwizard_0 -part xc7k160tfbg484-2 -incremental_mode off -mode out_of_context
Starting synth_design
Attempting to get a license for feature 'Synthesis' and/or device 'xc7k160t'
INFO: [Common 17-349] Got license for feature 'Synthesis' and/or device 'xc7k160t'
INFO: [Device 21-403] Loading part xc7k160tfbg484-2
INFO: [Synth 8-7079] Multithreading enabled for synth_design using a maximum of 2 processes.
INFO: [Synth 8-7078] Launching helper process for spawning children vivado processes
INFO: [Synth 8-7075] Helper process launched with PID 26596
INFO: [Synth 8-11241] undeclared symbol 'REGCCE', assumed default net type 'wire' [F:/Xilinx/Vivado/2022.2/data/verilog/src/unimacro/BRAM_SINGLE_MACRO.v:2170]
---------------------------------------------------------------------------------
Starting RTL Elaboration : Time (s): cpu = 00:00:05 ; elapsed = 00:00:06 . Memory (MB): peak = 1260.090 ; gain = 408.516
---------------------------------------------------------------------------------
INFO: [Synth 8-6157] synthesizing module 'gtwizard_0' [c:/Users/Jihoon Lee/Desktop/commento/commento_fpga_material/Reference/Week5/Week5/Week5.gen/sources_1/ip/gtwizard_0/gtwizard_0.v:70]
INFO: [Synth 8-6157] synthesizing module 'gtwizard_0_init' [c:/Users/Jihoon Lee/Desktop/commento/commento_fpga_material/Reference/Week5/Week5/Week5.gen/sources_1/ip/gtwizard_0/gtwizard_0_init.v:70]
INFO: [Synth 8-6157] synthesizing module 'gtwizard_0_multi_gt' [c:/Users/Jihoon Lee/Desktop/commento/commento_fpga_material/Reference/Week5/Week5/Week5.gen/sources_1/ip/gtwizard_0/gtwizard_0_multi_gt.v:69]
INFO: [Synth 8-6157] synthesizing module 'gtwizard_0_GT' [c:/Users/Jihoon Lee/Desktop/commento/commento_fpga_material/Reference/Week5/Week5/Week5.gen/sources_1/ip/gtwizard_0/gtwizard_0_gt.v:71]
INFO: [Synth 8-6157] synthesizing module 'GTXE2_CHANNEL' [F:/Xilinx/Vivado/2022.2/scripts/rt/data/unisim_comp.v:49244]
INFO: [Synth 8-6155] done synthesizing module 'GTXE2_CHANNEL' (0#1) [F:/Xilinx/Vivado/2022.2/scripts/rt/data/unisim_comp.v:49244]
INFO: [Synth 8-6155] done synthesizing module 'gtwizard_0_GT' (0#1) [c:/Users/Jihoon Lee/Desktop/commento/commento_fpga_material/Reference/Week5/Week5/Week5.gen/sources_1/ip/gtwizard_0/gtwizard_0_gt.v:71]
INFO: [Synth 8-6157] synthesizing module 'gtwizard_0_cpll_railing' [c:/Users/Jihoon Lee/Desktop/commento/commento_fpga_material/Reference/Week5/Week5/Week5.gen/sources_1/ip/gtwizard_0/gtwizard_0_cpll_railing.v:68]
INFO: [Synth 8-6157] synthesizing module 'BUFH' [F:/Xilinx/Vivado/2022.2/scripts/rt/data/unisim_comp.v:1329]
INFO: [Synth 8-6155] done synthesizing module 'BUFH' (0#1) [F:/Xilinx/Vivado/2022.2/scripts/rt/data/unisim_comp.v:1329]
INFO: [Synth 8-6155] done synthesizing module 'gtwizard_0_cpll_railing' (0#1) [c:/Users/Jihoon Lee/Desktop/commento/commento_fpga_material/Reference/Week5/Week5/Week5.gen/sources_1/ip/gtwizard_0/gtwizard_0_cpll_railing.v:68]
INFO: [Synth 8-6155] done synthesizing module 'gtwizard_0_multi_gt' (0#1) [c:/Users/Jihoon Lee/Desktop/commento/commento_fpga_material/Reference/Week5/Week5/Week5.gen/sources_1/ip/gtwizard_0/gtwizard_0_multi_gt.v:69]
INFO: [Synth 8-6157] synthesizing module 'gtwizard_0_TX_STARTUP_FSM' [c:/Users/Jihoon Lee/Desktop/commento/commento_fpga_material/Reference/Week5/Week5/Week5.gen/sources_1/ip/gtwizard_0/gtwizard_0/example_design/gtwizard_0_tx_startup_fsm.v:94]
INFO: [Synth 8-6157] synthesizing module 'gtwizard_0_sync_block' [c:/Users/Jihoon Lee/Desktop/commento/commento_fpga_material/Reference/Week5/Week5/Week5.gen/sources_1/ip/gtwizard_0/gtwizard_0/example_design/gtwizard_0_sync_block.v:78]
INFO: [Synth 8-6157] synthesizing module 'FD' [F:/Xilinx/Vivado/2022.2/scripts/rt/data/unisim_comp.v:38467]
INFO: [Synth 8-6155] done synthesizing module 'FD' (0#1) [F:/Xilinx/Vivado/2022.2/scripts/rt/data/unisim_comp.v:38467]
INFO: [Synth 8-6155] done synthesizing module 'gtwizard_0_sync_block' (0#1) [c:/Users/Jihoon Lee/Desktop/commento/commento_fpga_material/Reference/Week5/Week5/Week5.gen/sources_1/ip/gtwizard_0/gtwizard_0/example_design/gtwizard_0_sync_block.v:78]
INFO: [Synth 8-6155] done synthesizing module 'gtwizard_0_TX_STARTUP_FSM' (0#1) [c:/Users/Jihoon Lee/Desktop/commento/commento_fpga_material/Reference/Week5/Week5/Week5.gen/sources_1/ip/gtwizard_0/gtwizard_0/example_design/gtwizard_0_tx_startup_fsm.v:94]
INFO: [Synth 8-6157] synthesizing module 'gtwizard_0_RX_STARTUP_FSM' [c:/Users/Jihoon Lee/Desktop/commento/commento_fpga_material/Reference/Week5/Week5/Week5.gen/sources_1/ip/gtwizard_0/gtwizard_0/example_design/gtwizard_0_rx_startup_fsm.v:94]
INFO: [Synth 8-6155] done synthesizing module 'gtwizard_0_RX_STARTUP_FSM' (0#1) [c:/Users/Jihoon Lee/Desktop/commento/commento_fpga_material/Reference/Week5/Week5/Week5.gen/sources_1/ip/gtwizard_0/gtwizard_0/example_design/gtwizard_0_rx_startup_fsm.v:94]
INFO: [Synth 8-6155] done synthesizing module 'gtwizard_0_init' (0#1) [c:/Users/Jihoon Lee/Desktop/commento/commento_fpga_material/Reference/Week5/Week5/Week5.gen/sources_1/ip/gtwizard_0/gtwizard_0_init.v:70]
INFO: [Synth 8-6155] done synthesizing module 'gtwizard_0' (0#1) [c:/Users/Jihoon Lee/Desktop/commento/commento_fpga_material/Reference/Week5/Week5/Week5.gen/sources_1/ip/gtwizard_0/gtwizard_0.v:70]
WARNING: [Synth 8-6014] Unused sequential element time_out_500us_reg was removed.  [c:/Users/Jihoon Lee/Desktop/commento/commento_fpga_material/Reference/Week5/Week5/Week5.gen/sources_1/ip/gtwizard_0/gtwizard_0/example_design/gtwizard_0_rx_startup_fsm.v:352]
WARNING: [Synth 8-6014] Unused sequential element pll_reset_asserted_reg was removed.  [c:/Users/Jihoon Lee/Desktop/commento/commento_fpga_material/Reference/Week5/Week5/Week5.gen/sources_1/ip/gtwizard_0/gtwizard_0/example_design/gtwizard_0_rx_startup_fsm.v:549]
WARNING: [Synth 8-7129] Port QPLLREFCLKLOST in module gtwizard_0_RX_STARTUP_FSM is either unconnected or has no load
WARNING: [Synth 8-7129] Port CPLLREFCLKLOST in module gtwizard_0_RX_STARTUP_FSM is either unconnected or has no load
WARNING: [Synth 8-7129] Port QPLLREFCLKLOST in module gtwizard_0_TX_STARTUP_FSM is either unconnected or has no load
WARNING: [Synth 8-7129] Port gt0_cpllreset_in in module gtwizard_0_init is either unconnected or has no load
WARNING: [Synth 8-7129] Port gt0_rxuserrdy_in in module gtwizard_0_init is either unconnected or has no load
WARNING: [Synth 8-7129] Port gt0_gtrxreset_in in module gtwizard_0_init is either unconnected or has no load
WARNING: [Synth 8-7129] Port gt0_gttxreset_in in module gtwizard_0_init is either unconnected or has no load
WARNING: [Synth 8-7129] Port gt0_txuserrdy_in in module gtwizard_0_init is either unconnected or has no load
---------------------------------------------------------------------------------
Finished RTL Elaboration : Time (s): cpu = 00:00:07 ; elapsed = 00:00:08 . Memory (MB): peak = 1360.000 ; gain = 508.426
---------------------------------------------------------------------------------
---------------------------------------------------------------------------------
Start Handling Custom Attributes
---------------------------------------------------------------------------------
---------------------------------------------------------------------------------
Finished Handling Custom Attributes : Time (s): cpu = 00:00:07 ; elapsed = 00:00:08 . Memory (MB): peak = 1360.000 ; gain = 508.426
---------------------------------------------------------------------------------
---------------------------------------------------------------------------------
Finished RTL Optimization Phase 1 : Time (s): cpu = 00:00:07 ; elapsed = 00:00:08 . Memory (MB): peak = 1360.000 ; gain = 508.426
---------------------------------------------------------------------------------
Netlist sorting complete. Time (s): cpu = 00:00:00 ; elapsed = 00:00:00.021 . Memory (MB): peak = 1361.516 ; gain = 0.000
INFO: [Netlist 29-17] Analyzing 90 Unisim elements for replacement
INFO: [Netlist 29-28] Unisim Transformation completed in 0 CPU seconds
INFO: [Project 1-570] Preparing netlist for logic optimization

Processing XDC Constraints
Initializing timing engine
Parsing XDC File [c:/Users/Jihoon Lee/Desktop/commento/commento_fpga_material/Reference/Week5/Week5/Week5.gen/sources_1/ip/gtwizard_0/gtwizard_0_ooc.xdc] for cell 'inst'
Finished Parsing XDC File [c:/Users/Jihoon Lee/Desktop/commento/commento_fpga_material/Reference/Week5/Week5/Week5.gen/sources_1/ip/gtwizard_0/gtwizard_0_ooc.xdc] for cell 'inst'
Parsing XDC File [c:/Users/Jihoon Lee/Desktop/commento/commento_fpga_material/Reference/Week5/Week5/Week5.gen/sources_1/ip/gtwizard_0/gtwizard_0.xdc] for cell 'inst'
Finished Parsing XDC File [c:/Users/Jihoon Lee/Desktop/commento/commento_fpga_material/Reference/Week5/Week5/Week5.gen/sources_1/ip/gtwizard_0/gtwizard_0.xdc] for cell 'inst'
Parsing XDC File [C:/Users/Jihoon Lee/Desktop/commento/commento_fpga_material/Reference/Week5/Week5/Week5.runs/gtwizard_0_synth_1/dont_touch.xdc]
Finished Parsing XDC File [C:/Users/Jihoon Lee/Desktop/commento/commento_fpga_material/Reference/Week5/Week5/Week5.runs/gtwizard_0_synth_1/dont_touch.xdc]
Completed Processing XDC Constraints

Netlist sorting complete. Time (s): cpu = 00:00:00 ; elapsed = 00:00:00.001 . Memory (MB): peak = 1468.852 ; gain = 0.000
INFO: [Project 1-111] Unisim Transformation Summary:
  A total of 90 instances were transformed.
  FD => FDRE: 90 instances

Constraint Validation Runtime : Time (s): cpu = 00:00:00 ; elapsed = 00:00:00.036 . Memory (MB): peak = 1469.207 ; gain = 0.355
INFO: [Designutils 20-5008] Incremental synthesis strategy off
INFO: [Synth 8-11241] undeclared symbol 'REGCCE', assumed default net type 'wire' [F:/Xilinx/Vivado/2022.2/data/verilog/src/unimacro/BRAM_SINGLE_MACRO.v:2170]
---------------------------------------------------------------------------------
Finished Constraint Validation : Time (s): cpu = 00:00:16 ; elapsed = 00:00:18 . Memory (MB): peak = 1469.207 ; gain = 617.633
---------------------------------------------------------------------------------
---------------------------------------------------------------------------------
Start Loading Part and Timing Information
---------------------------------------------------------------------------------
Loading part: xc7k160tfbg484-2
---------------------------------------------------------------------------------
Finished Loading Part and Timing Information : Time (s): cpu = 00:00:16 ; elapsed = 00:00:18 . Memory (MB): peak = 1469.207 ; gain = 617.633
---------------------------------------------------------------------------------
---------------------------------------------------------------------------------
Start Applying 'set_property' XDC Constraints
---------------------------------------------------------------------------------
Applied set_property KEEP_HIERARCHY = SOFT for inst. (constraint file  {C:/Users/Jihoon Lee/Desktop/commento/commento_fpga_material/Reference/Week5/Week5/Week5.runs/gtwizard_0_synth_1/dont_touch.xdc}, line 9).
---------------------------------------------------------------------------------
Finished applying 'set_property' XDC Constraints : Time (s): cpu = 00:00:16 ; elapsed = 00:00:18 . Memory (MB): peak = 1469.207 ; gain = 617.633
---------------------------------------------------------------------------------
INFO: [Synth 8-802] inferred FSM for state register 'tx_state_reg' in module 'gtwizard_0_TX_STARTUP_FSM'
INFO: [Synth 8-802] inferred FSM for state register 'rx_state_reg' in module 'gtwizard_0_RX_STARTUP_FSM'
---------------------------------------------------------------------------------------------------
                   State |                     New Encoding |                Previous Encoding 
---------------------------------------------------------------------------------------------------
                    INIT |                             0000 |                             0000
       ASSERT_ALL_RESETS |                             0001 |                             0001
       WAIT_FOR_PLL_LOCK |                             0010 |                             0010
       RELEASE_PLL_RESET |                             0011 |                             0011
       WAIT_FOR_TXOUTCLK |                             0100 |                             0100
      RELEASE_MMCM_RESET |                             0101 |                             0101
       WAIT_FOR_TXUSRCLK |                             0110 |                             0110
         WAIT_RESET_DONE |                             0111 |                             0111
      DO_PHASE_ALIGNMENT |                             1000 |                             1000
          RESET_FSM_DONE |                             1001 |                             1001
---------------------------------------------------------------------------------------------------
INFO: [Synth 8-3354] encoded FSM with state register 'tx_state_reg' using encoding 'sequential' in module 'gtwizard_0_TX_STARTUP_FSM'
---------------------------------------------------------------------------------------------------
                   State |                     New Encoding |                Previous Encoding 
---------------------------------------------------------------------------------------------------
                    INIT |                             0000 |                             0000
       ASSERT_ALL_RESETS |                             0001 |                             0001
       WAIT_FOR_PLL_LOCK |                             0010 |                             0010
       RELEASE_PLL_RESET |                             0011 |                             0011
    VERIFY_RECCLK_STABLE |                             0100 |                             0100
      RELEASE_MMCM_RESET |                             0101 |                             0101
       WAIT_FOR_RXUSRCLK |                             0110 |                             0110
         WAIT_RESET_DONE |                             0111 |                             0111
      DO_PHASE_ALIGNMENT |                             1000 |                             1000
      MONITOR_DATA_VALID |                             1001 |                             1001
                FSM_DONE |                             1010 |                             1010
---------------------------------------------------------------------------------------------------
INFO: [Synth 8-3354] encoded FSM with state register 'rx_state_reg' using encoding 'sequential' in module 'gtwizard_0_RX_STARTUP_FSM'
---------------------------------------------------------------------------------
Finished RTL Optimization Phase 2 : Time (s): cpu = 00:00:17 ; elapsed = 00:00:19 . Memory (MB): peak = 1469.207 ; gain = 617.633
---------------------------------------------------------------------------------
---------------------------------------------------------------------------------
Start RTL Component Statistics 
---------------------------------------------------------------------------------
Detailed RTL Component Info : 
+---Adders : 
	   2 Input   32 Bit       Adders := 1     
	   2 Input    8 Bit       Adders := 6     
	   2 Input    2 Bit       Adders := 1     
+---Registers : 
	              128 Bit    Registers := 1     
	               96 Bit    Registers := 1     
	               32 Bit    Registers := 1     
	                8 Bit    Registers := 6     
	                2 Bit    Registers := 1     
	                1 Bit    Registers := 45    
+---Muxes : 
	   2 Input   32 Bit        Muxes := 1     
	   2 Input    8 Bit        Muxes := 2     
	  10 Input    4 Bit        Muxes := 1     
	   2 Input    4 Bit        Muxes := 10    
	  11 Input    4 Bit        Muxes := 1     
	   2 Input    2 Bit        Muxes := 1     
	   2 Input    1 Bit        Muxes := 22    
	  10 Input    1 Bit        Muxes := 17    
	  11 Input    1 Bit        Muxes := 19    
---------------------------------------------------------------------------------
Finished RTL Component Statistics 
---------------------------------------------------------------------------------
---------------------------------------------------------------------------------
Start Part Resource Summary
---------------------------------------------------------------------------------
Part Resources:
DSPs: 600 (col length:100)
BRAMs: 650 (col length: RAMB18 100 RAMB36 50)
---------------------------------------------------------------------------------
Finished Part Resource Summary
---------------------------------------------------------------------------------
---------------------------------------------------------------------------------
Start Cross Boundary and Area Optimization
---------------------------------------------------------------------------------
WARNING: [Synth 8-7080] Parallel synthesis criteria is not met
WARNING: [Synth 8-7129] Port gt0_cpllreset_in in module gtwizard_0_init is either unconnected or has no load
WARNING: [Synth 8-7129] Port gt0_rxuserrdy_in in module gtwizard_0_init is either unconnected or has no load
WARNING: [Synth 8-7129] Port gt0_gtrxreset_in in module gtwizard_0_init is either unconnected or has no load
WARNING: [Synth 8-7129] Port gt0_gttxreset_in in module gtwizard_0_init is either unconnected or has no load
WARNING: [Synth 8-7129] Port gt0_txuserrdy_in in module gtwizard_0_init is either unconnected or has no load
INFO: [Synth 8-3332] Sequential element (gt0_txresetfsm_i/sync_qplllock/data_sync_reg1) is unused and will be removed from module gtwizard_0_init.
INFO: [Synth 8-3332] Sequential element (gt0_txresetfsm_i/sync_qplllock/data_sync_reg2) is unused and will be removed from module gtwizard_0_init.
INFO: [Synth 8-3332] Sequential element (gt0_txresetfsm_i/sync_qplllock/data_sync_reg3) is unused and will be removed from module gtwizard_0_init.
INFO: [Synth 8-3332] Sequential element (gt0_txresetfsm_i/sync_qplllock/data_sync_reg4) is unused and will be removed from module gtwizard_0_init.
INFO: [Synth 8-3332] Sequential element (gt0_txresetfsm_i/sync_qplllock/data_sync_reg5) is unused and will be removed from module gtwizard_0_init.
INFO: [Synth 8-3332] Sequential element (gt0_txresetfsm_i/sync_qplllock/data_sync_reg6) is unused and will be removed from module gtwizard_0_init.
INFO: [Synth 8-3332] Sequential element (gt0_rxresetfsm_i/sync_qplllock/data_sync_reg1) is unused and will be removed from module gtwizard_0_init.
INFO: [Synth 8-3332] Sequential element (gt0_rxresetfsm_i/sync_qplllock/data_sync_reg2) is unused and will be removed from module gtwizard_0_init.
INFO: [Synth 8-3332] Sequential element (gt0_rxresetfsm_i/sync_qplllock/data_sync_reg3) is unused and will be removed from module gtwizard_0_init.
INFO: [Synth 8-3332] Sequential element (gt0_rxresetfsm_i/sync_qplllock/data_sync_reg4) is unused and will be removed from module gtwizard_0_init.
INFO: [Synth 8-3332] Sequential element (gt0_rxresetfsm_i/sync_qplllock/data_sync_reg5) is unused and will be removed from module gtwizard_0_init.
INFO: [Synth 8-3332] Sequential element (gt0_rxresetfsm_i/sync_qplllock/data_sync_reg6) is unused and will be removed from module gtwizard_0_init.
---------------------------------------------------------------------------------
Finished Cross Boundary and Area Optimization : Time (s): cpu = 00:00:20 ; elapsed = 00:00:22 . Memory (MB): peak = 1469.207 ; gain = 617.633
---------------------------------------------------------------------------------
---------------------------------------------------------------------------------
Start Applying XDC Timing Constraints
---------------------------------------------------------------------------------
---------------------------------------------------------------------------------
Finished Applying XDC Timing Constraints : Time (s): cpu = 00:00:26 ; elapsed = 00:00:28 . Memory (MB): peak = 1469.207 ; gain = 617.633
---------------------------------------------------------------------------------
---------------------------------------------------------------------------------
Start Timing Optimization
---------------------------------------------------------------------------------
---------------------------------------------------------------------------------
Finished Timing Optimization : Time (s): cpu = 00:00:26 ; elapsed = 00:00:28 . Memory (MB): peak = 1469.207 ; gain = 617.633
---------------------------------------------------------------------------------
---------------------------------------------------------------------------------
Start Technology Mapping
---------------------------------------------------------------------------------
---------------------------------------------------------------------------------
Finished Technology Mapping : Time (s): cpu = 00:00:26 ; elapsed = 00:00:29 . Memory (MB): peak = 1469.207 ; gain = 617.633
---------------------------------------------------------------------------------
---------------------------------------------------------------------------------
Start IO Insertion
---------------------------------------------------------------------------------
---------------------------------------------------------------------------------
Start Flattening Before IO Insertion
---------------------------------------------------------------------------------
---------------------------------------------------------------------------------
Finished Flattening Before IO Insertion
---------------------------------------------------------------------------------
---------------------------------------------------------------------------------
Start Final Netlist Cleanup
---------------------------------------------------------------------------------
---------------------------------------------------------------------------------
Finished Final Netlist Cleanup
---------------------------------------------------------------------------------
---------------------------------------------------------------------------------
Finished IO Insertion : Time (s): cpu = 00:00:31 ; elapsed = 00:00:34 . Memory (MB): peak = 1469.207 ; gain = 617.633
---------------------------------------------------------------------------------
---------------------------------------------------------------------------------
Start Renaming Generated Instances
---------------------------------------------------------------------------------
---------------------------------------------------------------------------------
Finished Renaming Generated Instances : Time (s): cpu = 00:00:32 ; elapsed = 00:00:34 . Memory (MB): peak = 1469.207 ; gain = 617.633
---------------------------------------------------------------------------------
---------------------------------------------------------------------------------
Start Rebuilding User Hierarchy
---------------------------------------------------------------------------------
---------------------------------------------------------------------------------
Finished Rebuilding User Hierarchy : Time (s): cpu = 00:00:32 ; elapsed = 00:00:34 . Memory (MB): peak = 1469.207 ; gain = 617.633
---------------------------------------------------------------------------------
---------------------------------------------------------------------------------
Start Renaming Generated Ports
---------------------------------------------------------------------------------
---------------------------------------------------------------------------------
Finished Renaming Generated Ports : Time (s): cpu = 00:00:32 ; elapsed = 00:00:34 . Memory (MB): peak = 1469.207 ; gain = 617.633
---------------------------------------------------------------------------------
---------------------------------------------------------------------------------
Start Handling Custom Attributes
---------------------------------------------------------------------------------
---------------------------------------------------------------------------------
Finished Handling Custom Attributes : Time (s): cpu = 00:00:32 ; elapsed = 00:00:34 . Memory (MB): peak = 1469.207 ; gain = 617.633
---------------------------------------------------------------------------------
---------------------------------------------------------------------------------
Start Renaming Generated Nets
---------------------------------------------------------------------------------
---------------------------------------------------------------------------------
Finished Renaming Generated Nets : Time (s): cpu = 00:00:32 ; elapsed = 00:00:34 . Memory (MB): peak = 1469.207 ; gain = 617.633
---------------------------------------------------------------------------------
---------------------------------------------------------------------------------
Start ROM, RAM, DSP, Shift Register and Retiming Reporting
---------------------------------------------------------------------------------

Static Shift Register Report:
+----------------+------------------------------------------------------+--------+-------+--------------+--------------------+-------------------+--------+---------+
|Module Name     | RTL Name                                             | Length | Width | Reset Signal | Pull out first Reg | Pull out last Reg | SRL16E | SRLC32E | 
+----------------+------------------------------------------------------+--------+-------+--------------+--------------------+-------------------+--------+---------+
|gtwizard_0_init | gtwizard_0_i/cpll_railing0_i/cpllreset_wait_reg[127] | 128    | 1     | NO           | NO                 | YES               | 0      | 4       | 
|gtwizard_0_init | gtwizard_0_i/cpll_railing0_i/cpllpd_wait_reg[95]     | 96     | 1     | NO           | NO                 | YES               | 0      | 3       | 
+----------------+------------------------------------------------------+--------+-------+--------------+--------------------+-------------------+--------+---------+

---------------------------------------------------------------------------------
Finished ROM, RAM, DSP, Shift Register and Retiming Reporting
---------------------------------------------------------------------------------
---------------------------------------------------------------------------------
Start Writing Synthesis Report
---------------------------------------------------------------------------------

Report BlackBoxes: 
+-+--------------+----------+
| |BlackBox name |Instances |
+-+--------------+----------+
+-+--------------+----------+

Report Cell Usage: 
+------+--------------+------+
|      |Cell          |Count |
+------+--------------+------+
|1     |BUFH          |     1|
|2     |CARRY4        |    43|
|3     |GTXE2_CHANNEL |     1|
|4     |LUT1          |    45|
|5     |LUT2          |    21|
|6     |LUT3          |    14|
|7     |LUT4          |    30|
|8     |LUT5          |    68|
|9     |LUT6          |    74|
|10    |SRLC32E       |     7|
|11    |FD            |    78|
|12    |FDCE          |    18|
|13    |FDRE          |   210|
|14    |FDSE          |    12|
+------+--------------+------+
---------------------------------------------------------------------------------
Finished Writing Synthesis Report : Time (s): cpu = 00:00:32 ; elapsed = 00:00:34 . Memory (MB): peak = 1469.207 ; gain = 617.633
---------------------------------------------------------------------------------
Synthesis finished with 0 errors, 0 critical warnings and 6 warnings.
Synthesis Optimization Runtime : Time (s): cpu = 00:00:22 ; elapsed = 00:00:31 . Memory (MB): peak = 1469.207 ; gain = 508.426
Synthesis Optimization Complete : Time (s): cpu = 00:00:32 ; elapsed = 00:00:34 . Memory (MB): peak = 1469.207 ; gain = 617.633
INFO: [Project 1-571] Translating synthesized netlist
Netlist sorting complete. Time (s): cpu = 00:00:00 ; elapsed = 00:00:00.013 . Memory (MB): peak = 1469.207 ; gain = 0.000
INFO: [Netlist 29-17] Analyzing 121 Unisim elements for replacement
INFO: [Netlist 29-28] Unisim Transformation completed in 0 CPU seconds
INFO: [Project 1-570] Preparing netlist for logic optimization
INFO: [Opt 31-138] Pushed 0 inverter(s) to 0 load pin(s).
Netlist sorting complete. Time (s): cpu = 00:00:00 ; elapsed = 00:00:00.001 . Memory (MB): peak = 1469.207 ; gain = 0.000
INFO: [Project 1-111] Unisim Transformation Summary:
  A total of 78 instances were transformed.
  FD => FDRE: 78 instances

Synth Design complete, checksum: b5df0d34
INFO: [Common 17-83] Releasing license: Synthesis
58 Infos, 16 Warnings, 0 Critical Warnings and 0 Errors encountered.
synth_design completed successfully
INFO: [Common 17-600] The following parameters have non-default value.
tcl.statsThreshold
INFO: [Common 17-1381] The checkpoint 'C:/Users/Jihoon Lee/Desktop/commento/commento_fpga_material/Reference/Week5/Week5/Week5.runs/gtwizard_0_synth_1/gtwizard_0.dcp' has been generated.
INFO: [Coretcl 2-1648] Added synthesis output to IP cache for IP gtwizard_0, cache-ID = 835ea4a4e3335b80
INFO: [Common 17-1381] The checkpoint 'C:/Users/Jihoon Lee/Desktop/commento/commento_fpga_material/Reference/Week5/Week5/Week5.runs/gtwizard_0_synth_1/gtwizard_0.dcp' has been generated.
INFO: [runtcl-4] Executing : report_utilization -file gtwizard_0_utilization_synth.rpt -pb gtwizard_0_utilization_synth.pb
INFO: [Common 17-206] Exiting Vivado at Sun Feb  4 19:33:47 2024...
