Vivado Simulator v2022.2
Copyright 1986-1999, 2001-2022 Xilinx, Inc. All Rights Reserved.
Running: F:/Xilinx/Vivado/2022.2/bin/unwrapped/win64.o/xelab.exe --incr --debug typical --relax --mt 2 -L xil_defaultlib -L uvm -L unisims_ver -L unimacro_ver -L secureip -L xpm --snapshot tb_rgb_gray_behav xil_defaultlib.tb_rgb_gray xil_defaultlib.glbl -log elaborate.log 
Using 2 slave threads.
Starting static elaboration
Pass Through NonSizing Optimizer
Completed static elaboration
Starting simulation data flow analysis
Completed simulation data flow analysis
Time Resolution for simulation is 1ps
Compiling module unisims_ver.BUFG
Compiling module unisims_ver.IBUF
Compiling module unisims_ver.MMCME2_ADV(CLKFBOUT_MULT_F=10.0,...
Compiling module xil_defaultlib.mmcm_mmcm_clk_wiz
Compiling module xil_defaultlib.mmcm
Compiling module unisims_ver.PLLE2_ADV(CLKFBOUT_MULT=12,CLKIN...
Compiling module xil_defaultlib.mmcm_rx_clk_wiz
Compiling module xil_defaultlib.mmcm_rx
Compiling module unisims_ver.IDELAYCTRL_default
Compiling module unisims_ver.IBUFDS(DIFF_TERM="TRUE",IOSTANDA...
Compiling module unisims_ver.IDELAYE2_default
Compiling module unisims_ver.ISERDESE2(DATA_WIDTH=8,INTERFACE...
Compiling module unisims_ver.GND
Compiling module unisims_ver.FDRE_default
Compiling module unisims_ver.x_lut1_mux2
Compiling module unisims_ver.LUT1
Compiling module unisims_ver.RB18_INTERNAL_VLOG(DOA_REG=1,DOB...
Compiling module unisims_ver.RAMB18E1(DOA_REG=1,DOB_REG=1,REA...
Compiling module unisims_ver.SRL16E_default
Compiling module unisims_ver.LUT4
Compiling module unisims_ver.x_lut3_mux8
Compiling module unisims_ver.LUT3
Compiling module unisims_ver.SRLC32E_default
Compiling module unisims_ver.LUT6
Compiling module unisims_ver.x_lut2_mux4
Compiling module unisims_ver.LUT2
Compiling module unisims_ver.SRLC16E_default
Compiling module unisims_ver.LUT5
Compiling module unisims_ver.CARRY4
Compiling module unisims_ver.CFGLUT5_default
Compiling module unisims_ver.MUXF7
Compiling module unisims_ver.FDSE_default
Compiling module xil_defaultlib.ila_rgb_gray
Compiling module xil_defaultlib.rgb_to_gray_default
Compiling module xil_defaultlib.tb_rgb_gray
Compiling module xil_defaultlib.glbl
Built simulation snapshot tb_rgb_gray_behav
