Copyright 1986-2022 Xilinx, Inc. All Rights Reserved.
--------------------------------------------------------------------------------------------------------------------------
| Tool Version : Vivado v.2022.2 (win64) Build 3671981 Fri Oct 14 05:00:03 MDT 2022
| Date         : Sun Jul 16 22:08:43 2023
| Host         : DESKTOP-FG0QD84 running 64-bit major release  (build 9200)
| Command      : upgrade_project -migrate_output_products
| Project_Path : C:/Users/Jihoon Lee/Desktop/commento/commento_fpga_material/Reference/Week3/week3/week3.xpr
--------------------------------------------------------------------------------------------------------------------------

Project Status Summary

1. Project IP Status
--------------------
This project contains 2 IP and 0 Block Designs.


1.1 Project IP Instances
+------------+-------------------------+-------------------------------------+-------------------------------------+
| Instance   | Status                  | Reason                              | Recommendation                      |
| Name       |                         |                                     |                                     |
+------------+-------------------------+-------------------------------------+-------------------------------------+
| fifo_8b    | Will be Migrated.       |                                     |                                     |
+------------+-------------------------+-------------------------------------+-------------------------------------+
| pll_wizard | Will be Migrated.       |                                     |                                     |
+------------+-------------------------+-------------------------------------+-------------------------------------+



