#-----------------------------------------------------------
# Vivado v2020.1 (64-bit)
# SW Build 2902540 on Wed May 27 19:54:49 MDT 2020
# IP Build 2902112 on Wed May 27 22:43:36 MDT 2020
# Start of session at: Mon Jul 10 00:14:11 2023
# Process ID: 528
# Current directory: C:/Users/Jihoon Lee/Desktop/commento/commento_fpga_material/Reference/Week3/week3
# Command line: vivado.exe -gui_launcher_event rodinguilauncherevent22512 C:\Users\Jihoon Lee\Desktop\commento\commento_fpga_material\Reference\Week3\week3\week3.xpr
# Log file: C:/Users/Jihoon Lee/Desktop/commento/commento_fpga_material/Reference/Week3/week3/vivado.log
# Journal file: C:/Users/Jihoon Lee/Desktop/commento/commento_fpga_material/Reference/Week3/week3\vivado.jou
#-----------------------------------------------------------
start_gui
open_project {C:/Users/Jihoon Lee/Desktop/commento/commento_fpga_material/Reference/Week3/week3/week3.xpr}
INFO: [ProjectBase 1-489] The host OS only allows 260 characters in a normal path. The project is stored in a path with more than 80 characters. If you experience issues with IP, Block Designs, or files not being found, please consider moving the project to a location with a shorter path. Alternately consider using the OS subst command to map part of the path to a drive letter.
Current project path is 'C:/Users/Jihoon Lee/Desktop/commento/commento_fpga_material/Reference/Week3/week3'
INFO: [Project 1-313] Project file moved from 'C:/Users/Jihoon Lee/Desktop/commento/week3' since last save.
Scanning sources...
Finished scanning sources
INFO: [filemgmt 56-1] IP Repository Path: Directory not found as 'C:/Users/Jihoon Lee/Desktop/commento/commento_fpga_material/Reference/h264v2/rtl'; using path 'C:/Users/Jihoon Lee/Desktop/h264v2/rtl' instead.
INFO: [IP_Flow 19-234] Refreshing IP repositories
INFO: [IP_Flow 19-1700] Loaded user IP repository 'c:/Users/Jihoon Lee/Desktop/h264v2/rtl'.
INFO: [IP_Flow 19-2313] Loaded Vivado IP repository 'C:/Xilinx/Vivado/2020.1/data/ip'.
open_project: Time (s): cpu = 00:00:11 ; elapsed = 00:00:05 . Memory (MB): peak = 1061.504 ; gain = 0.000
