#-----------------------------------------------------------
# Vivado v2022.2 (64-bit)
# SW Build 3671981 on Fri Oct 14 05:00:03 MDT 2022
# IP Build 3669848 on Fri Oct 14 08:30:02 MDT 2022
# Start of session at: Mon Oct  9 11:04:57 2023
# Process ID: 63780
# Current directory: C:/Users/Jihoon Lee/Desktop/commento/commento_fpga_material/LiveClass/week6/week6
# Command line: vivado.exe -gui_launcher_event rodinguilauncherevent62604 C:\Users\Jihoon Lee\Desktop\commento\commento_fpga_material\LiveClass\week6\week6\week6.xpr
# Log file: C:/Users/Jihoon Lee/Desktop/commento/commento_fpga_material/LiveClass/week6/week6/vivado.log
# Journal file: C:/Users/Jihoon Lee/Desktop/commento/commento_fpga_material/LiveClass/week6/week6\vivado.jou
# Running On: DESKTOP-FG0QD84, OS: Windows, CPU Frequency: 3000 MHz, CPU Physical cores: 8, Host memory: 17109 MB
#-----------------------------------------------------------
start_gui
open_project {C:/Users/Jihoon Lee/Desktop/commento/commento_fpga_material/LiveClass/week6/week6/week6.xpr}
INFO: [ProjectBase 1-489] The host OS only allows 260 characters in a normal path. The project is stored in a path with more than 80 characters. If you experience issues with IP, Block Designs, or files not being found, please consider moving the project to a location with a shorter path. Alternately consider using the OS subst command to map part of the path to a drive letter.
Current project path is 'C:/Users/Jihoon Lee/Desktop/commento/commento_fpga_material/LiveClass/week6/week6'
WARNING: [Board 49-26] cannot add Board Part xilinx.com:vck190:part0:2.2 available at F:/Xilinx/Vivado/2022.2/data/xhub/boards/XilinxBoardStore/boards/Xilinx/vck190/production/2.2/board.xml as part xcvc1902-vsva2197-2mp-e-s specified in board_part file is either invalid or not available
WARNING: [Board 49-26] cannot add Board Part xilinx.com:vck190:part0:3.0 available at F:/Xilinx/Vivado/2022.2/data/xhub/boards/XilinxBoardStore/boards/Xilinx/vck190/production/3.0/board.xml as part xcvc1902-vsva2197-2mp-e-s specified in board_part file is either invalid or not available
WARNING: [Board 49-26] cannot add Board Part xilinx.com:vck190:part0:3.1 available at F:/Xilinx/Vivado/2022.2/data/xhub/boards/XilinxBoardStore/boards/Xilinx/vck190/production/3.1/board.xml as part xcvc1902-vsva2197-2mp-e-s specified in board_part file is either invalid or not available
WARNING: [Board 49-26] cannot add Board Part xilinx.com:vck190_newl:part0:1.0 available at F:/Xilinx/Vivado/2022.2/data/xhub/boards/XilinxBoardStore/boards/Xilinx/vck190_newl/production/1.0/board.xml as part xcvc1902-vsva2197-2mp-e-s specified in board_part file is either invalid or not available
WARNING: [Board 49-26] cannot add Board Part xilinx.com:vek280_es:part0:1.0 available at F:/Xilinx/Vivado/2022.2/data/xhub/boards/XilinxBoardStore/boards/Xilinx/vek280/es/1.0/board.xml as part xcve2802-vsvh1760-2lp-e-s-es1 specified in board_part file is either invalid or not available
WARNING: [Board 49-26] cannot add Board Part xilinx.com:vhk158_es:part0:1.0 available at F:/Xilinx/Vivado/2022.2/data/xhub/boards/XilinxBoardStore/boards/Xilinx/vhk158/es/1.0/board.xml as part xcvh1582-vsva3697-2mp-e-s-es1 specified in board_part file is either invalid or not available
WARNING: [Board 49-26] cannot add Board Part xilinx.com:vmk180:part0:2.2 available at F:/Xilinx/Vivado/2022.2/data/xhub/boards/XilinxBoardStore/boards/Xilinx/vmk180/production/2.2/board.xml as part xcvm1802-vsva2197-2mp-e-s specified in board_part file is either invalid or not available
WARNING: [Board 49-26] cannot add Board Part xilinx.com:vmk180:part0:3.0 available at F:/Xilinx/Vivado/2022.2/data/xhub/boards/XilinxBoardStore/boards/Xilinx/vmk180/production/3.0/board.xml as part xcvm1802-vsva2197-2mp-e-s specified in board_part file is either invalid or not available
WARNING: [Board 49-26] cannot add Board Part xilinx.com:vmk180:part0:3.1 available at F:/Xilinx/Vivado/2022.2/data/xhub/boards/XilinxBoardStore/boards/Xilinx/vmk180/production/3.1/board.xml as part xcvm1802-vsva2197-2mp-e-s specified in board_part file is either invalid or not available
WARNING: [Board 49-26] cannot add Board Part xilinx.com:vmk180_newl:part0:1.0 available at F:/Xilinx/Vivado/2022.2/data/xhub/boards/XilinxBoardStore/boards/Xilinx/vmk180_newl/production/1.0/board.xml as part xcvm1802-vsva2197-2mp-e-s specified in board_part file is either invalid or not available
WARNING: [Board 49-26] cannot add Board Part xilinx.com:vpk120:part0:1.0 available at F:/Xilinx/Vivado/2022.2/data/xhub/boards/XilinxBoardStore/boards/Xilinx/vpk120/production/1.0/board.xml as part xcvp1202-vsva2785-2mp-e-s specified in board_part file is either invalid or not available
WARNING: [Board 49-26] cannot add Board Part xilinx.com:vpk120_es:part0:1.2 available at F:/Xilinx/Vivado/2022.2/data/xhub/boards/XilinxBoardStore/boards/Xilinx/vpk120/es/1.2/board.xml as part xcvp1202-vsva2785-2mp-e-s-es1 specified in board_part file is either invalid or not available
WARNING: [Board 49-26] cannot add Board Part xilinx.com:vpk120_es_revb:part0:1.0 available at F:/Xilinx/Vivado/2022.2/data/xhub/boards/XilinxBoardStore/boards/Xilinx/vpk120_revb/es/1.0/board.xml as part xcvp1202-vsva2785-2mp-e-s-es1 specified in board_part file is either invalid or not available
WARNING: [Board 49-26] cannot add Board Part xilinx.com:vpk180_es:part0:1.0 available at F:/Xilinx/Vivado/2022.2/data/xhub/boards/XilinxBoardStore/boards/Xilinx/vpk180/es/1.0/board.xml as part xcvp1802-lsvc4072-2mp-e-s-es1 specified in board_part file is either invalid or not available
WARNING: [Board 49-26] cannot add Board Part xilinx.com:zcu208ld:part0:2.0 available at F:/Xilinx/Vivado/2022.2/data/xhub/boards/XilinxBoardStore/boards/Xilinx/zcu208ld/production/2.0/board.xml as part xczu58dr-fsvg1517-2-i specified in board_part file is either invalid or not available
WARNING: [Board 49-26] cannot add Board Part xilinx.com:zcu216ld:part0:2.0 available at F:/Xilinx/Vivado/2022.2/data/xhub/boards/XilinxBoardStore/boards/Xilinx/zcu216ld/production/2.0/board.xml as part xczu59dr-ffvf1760-2-i specified in board_part file is either invalid or not available
WARNING: [Board 49-26] cannot add Board Part xilinx.com:zcu670:part0:2.0 available at F:/Xilinx/Vivado/2022.2/data/xhub/boards/XilinxBoardStore/boards/Xilinx/zcu670/2.0/board.xml as part xczu67dr-fsve1156-2-i specified in board_part file is either invalid or not available
WARNING: [Board 49-26] cannot add Board Part xilinx.com:zcu670ld:part0:1.0 available at F:/Xilinx/Vivado/2022.2/data/xhub/boards/XilinxBoardStore/boards/Xilinx/zcu670ld/1.0/board.xml as part xczu57dr-fsve1156-2-i specified in board_part file is either invalid or not available
Scanning sources...
Finished scanning sources
INFO: [IP_Flow 19-234] Refreshing IP repositories
INFO: [IP_Flow 19-1704] No user IP repositories specified
INFO: [IP_Flow 19-2313] Loaded Vivado IP repository 'F:/Xilinx/Vivado/2022.2/data/ip'.
WARNING: [IP_Flow 19-3664] IP 'mig_7series_0' generated file not found 'c:/Users/Jihoon Lee/AppData/Roaming/Xilinx/Vivado/.Xil/Vivado-20884-DESKTOP-FG0QD84/coregen/mig_7series_0/mig_7series_0.veo'. Please regenerate to continue.
WARNING: [IP_Flow 19-3664] IP 'mig_7series_0' generated file not found 'c:/Users/Jihoon Lee/AppData/Roaming/Xilinx/Vivado/.Xil/Vivado-20884-DESKTOP-FG0QD84/coregen/mig_7series_0/mig_7series_0/user_design/rtl/axi/mig_7series_v4_2_axi_ctrl_addr_decode.v'. Please regenerate to continue.
WARNING: [IP_Flow 19-3664] IP 'mig_7series_0' generated file not found 'c:/Users/Jihoon Lee/AppData/Roaming/Xilinx/Vivado/.Xil/Vivado-20884-DESKTOP-FG0QD84/coregen/mig_7series_0/mig_7series_0/user_design/rtl/axi/mig_7series_v4_2_axi_ctrl_read.v'. Please regenerate to continue.
WARNING: [IP_Flow 19-3664] IP 'mig_7series_0' generated file not found 'c:/Users/Jihoon Lee/AppData/Roaming/Xilinx/Vivado/.Xil/Vivado-20884-DESKTOP-FG0QD84/coregen/mig_7series_0/mig_7series_0/user_design/rtl/axi/mig_7series_v4_2_axi_ctrl_reg.v'. Please regenerate to continue.
WARNING: [IP_Flow 19-3664] IP 'mig_7series_0' generated file not found 'c:/Users/Jihoon Lee/AppData/Roaming/Xilinx/Vivado/.Xil/Vivado-20884-DESKTOP-FG0QD84/coregen/mig_7series_0/mig_7series_0/user_design/rtl/axi/mig_7series_v4_2_axi_ctrl_reg_bank.v'. Please regenerate to continue.
WARNING: [IP_Flow 19-3664] IP 'mig_7series_0' generated file not found 'c:/Users/Jihoon Lee/AppData/Roaming/Xilinx/Vivado/.Xil/Vivado-20884-DESKTOP-FG0QD84/coregen/mig_7series_0/mig_7series_0/user_design/rtl/axi/mig_7series_v4_2_axi_ctrl_top.v'. Please regenerate to continue.
WARNING: [IP_Flow 19-3664] IP 'mig_7series_0' generated file not found 'c:/Users/Jihoon Lee/AppData/Roaming/Xilinx/Vivado/.Xil/Vivado-20884-DESKTOP-FG0QD84/coregen/mig_7series_0/mig_7series_0/user_design/rtl/axi/mig_7series_v4_2_axi_ctrl_write.v'. Please regenerate to continue.
WARNING: [IP_Flow 19-3664] IP 'mig_7series_0' generated file not found 'c:/Users/Jihoon Lee/AppData/Roaming/Xilinx/Vivado/.Xil/Vivado-20884-DESKTOP-FG0QD84/coregen/mig_7series_0/mig_7series_0/user_design/rtl/axi/mig_7series_v4_2_axi_mc.v'. Please regenerate to continue.
WARNING: [IP_Flow 19-3664] IP 'mig_7series_0' generated file not found 'c:/Users/Jihoon Lee/AppData/Roaming/Xilinx/Vivado/.Xil/Vivado-20884-DESKTOP-FG0QD84/coregen/mig_7series_0/mig_7series_0/user_design/rtl/axi/mig_7series_v4_2_axi_mc_ar_channel.v'. Please regenerate to continue.
WARNING: [IP_Flow 19-3664] IP 'mig_7series_0' generated file not found 'c:/Users/Jihoon Lee/AppData/Roaming/Xilinx/Vivado/.Xil/Vivado-20884-DESKTOP-FG0QD84/coregen/mig_7series_0/mig_7series_0/user_design/rtl/axi/mig_7series_v4_2_axi_mc_aw_channel.v'. Please regenerate to continue.
WARNING: [IP_Flow 19-3664] IP 'mig_7series_0' generated file not found 'c:/Users/Jihoon Lee/AppData/Roaming/Xilinx/Vivado/.Xil/Vivado-20884-DESKTOP-FG0QD84/coregen/mig_7series_0/mig_7series_0/user_design/rtl/axi/mig_7series_v4_2_axi_mc_b_channel.v'. Please regenerate to continue.
WARNING: [IP_Flow 19-3664] IP 'mig_7series_0' generated file not found 'c:/Users/Jihoon Lee/AppData/Roaming/Xilinx/Vivado/.Xil/Vivado-20884-DESKTOP-FG0QD84/coregen/mig_7series_0/mig_7series_0/user_design/rtl/axi/mig_7series_v4_2_axi_mc_cmd_arbiter.v'. Please regenerate to continue.
WARNING: [IP_Flow 19-3664] IP 'mig_7series_0' generated file not found 'c:/Users/Jihoon Lee/AppData/Roaming/Xilinx/Vivado/.Xil/Vivado-20884-DESKTOP-FG0QD84/coregen/mig_7series_0/mig_7series_0/user_design/rtl/axi/mig_7series_v4_2_axi_mc_cmd_fsm.v'. Please regenerate to continue.
WARNING: [IP_Flow 19-3664] IP 'mig_7series_0' generated file not found 'c:/Users/Jihoon Lee/AppData/Roaming/Xilinx/Vivado/.Xil/Vivado-20884-DESKTOP-FG0QD84/coregen/mig_7series_0/mig_7series_0/user_design/rtl/axi/mig_7series_v4_2_axi_mc_cmd_translator.v'. Please regenerate to continue.
WARNING: [IP_Flow 19-3664] IP 'mig_7series_0' generated file not found 'c:/Users/Jihoon Lee/AppData/Roaming/Xilinx/Vivado/.Xil/Vivado-20884-DESKTOP-FG0QD84/coregen/mig_7series_0/mig_7series_0/user_design/rtl/axi/mig_7series_v4_2_axi_mc_fifo.v'. Please regenerate to continue.
WARNING: [IP_Flow 19-3664] IP 'mig_7series_0' generated file not found 'c:/Users/Jihoon Lee/AppData/Roaming/Xilinx/Vivado/.Xil/Vivado-20884-DESKTOP-FG0QD84/coregen/mig_7series_0/mig_7series_0/user_design/rtl/axi/mig_7series_v4_2_axi_mc_incr_cmd.v'. Please regenerate to continue.
WARNING: [IP_Flow 19-3664] IP 'mig_7series_0' generated file not found 'c:/Users/Jihoon Lee/AppData/Roaming/Xilinx/Vivado/.Xil/Vivado-20884-DESKTOP-FG0QD84/coregen/mig_7series_0/mig_7series_0/user_design/rtl/axi/mig_7series_v4_2_axi_mc_r_channel.v'. Please regenerate to continue.
WARNING: [IP_Flow 19-3664] IP 'mig_7series_0' generated file not found 'c:/Users/Jihoon Lee/AppData/Roaming/Xilinx/Vivado/.Xil/Vivado-20884-DESKTOP-FG0QD84/coregen/mig_7series_0/mig_7series_0/user_design/rtl/axi/mig_7series_v4_2_axi_mc_simple_fifo.v'. Please regenerate to continue.
WARNING: [IP_Flow 19-3664] IP 'mig_7series_0' generated file not found 'c:/Users/Jihoon Lee/AppData/Roaming/Xilinx/Vivado/.Xil/Vivado-20884-DESKTOP-FG0QD84/coregen/mig_7series_0/mig_7series_0/user_design/rtl/axi/mig_7series_v4_2_axi_mc_wrap_cmd.v'. Please regenerate to continue.
WARNING: [IP_Flow 19-3664] IP 'mig_7series_0' generated file not found 'c:/Users/Jihoon Lee/AppData/Roaming/Xilinx/Vivado/.Xil/Vivado-20884-DESKTOP-FG0QD84/coregen/mig_7series_0/mig_7series_0/user_design/rtl/axi/mig_7series_v4_2_axi_mc_wr_cmd_fsm.v'. Please regenerate to continue.
WARNING: [IP_Flow 19-3664] IP 'mig_7series_0' generated file not found 'c:/Users/Jihoon Lee/AppData/Roaming/Xilinx/Vivado/.Xil/Vivado-20884-DESKTOP-FG0QD84/coregen/mig_7series_0/mig_7series_0/user_design/rtl/axi/mig_7series_v4_2_axi_mc_w_channel.v'. Please regenerate to continue.
WARNING: [IP_Flow 19-3664] IP 'mig_7series_0' generated file not found 'c:/Users/Jihoon Lee/AppData/Roaming/Xilinx/Vivado/.Xil/Vivado-20884-DESKTOP-FG0QD84/coregen/mig_7series_0/mig_7series_0/user_design/rtl/axi/mig_7series_v4_2_ddr_axic_register_slice.v'. Please regenerate to continue.
WARNING: [IP_Flow 19-3664] IP 'mig_7series_0' generated file not found 'c:/Users/Jihoon Lee/AppData/Roaming/Xilinx/Vivado/.Xil/Vivado-20884-DESKTOP-FG0QD84/coregen/mig_7series_0/mig_7series_0/user_design/rtl/axi/mig_7series_v4_2_ddr_axi_register_slice.v'. Please regenerate to continue.
WARNING: [IP_Flow 19-3664] IP 'mig_7series_0' generated file not found 'c:/Users/Jihoon Lee/AppData/Roaming/Xilinx/Vivado/.Xil/Vivado-20884-DESKTOP-FG0QD84/coregen/mig_7series_0/mig_7series_0/user_design/rtl/axi/mig_7series_v4_2_ddr_axi_upsizer.v'. Please regenerate to continue.
WARNING: [IP_Flow 19-3664] IP 'mig_7series_0' generated file not found 'c:/Users/Jihoon Lee/AppData/Roaming/Xilinx/Vivado/.Xil/Vivado-20884-DESKTOP-FG0QD84/coregen/mig_7series_0/mig_7series_0/user_design/rtl/axi/mig_7series_v4_2_ddr_a_upsizer.v'. Please regenerate to continue.
WARNING: [IP_Flow 19-3664] IP 'mig_7series_0' generated file not found 'c:/Users/Jihoon Lee/AppData/Roaming/Xilinx/Vivado/.Xil/Vivado-20884-DESKTOP-FG0QD84/coregen/mig_7series_0/mig_7series_0/user_design/rtl/axi/mig_7series_v4_2_ddr_carry_and.v'. Please regenerate to continue.
WARNING: [IP_Flow 19-3664] IP 'mig_7series_0' generated file not found 'c:/Users/Jihoon Lee/AppData/Roaming/Xilinx/Vivado/.Xil/Vivado-20884-DESKTOP-FG0QD84/coregen/mig_7series_0/mig_7series_0/user_design/rtl/axi/mig_7series_v4_2_ddr_carry_latch_and.v'. Please regenerate to continue.
WARNING: [IP_Flow 19-3664] IP 'mig_7series_0' generated file not found 'c:/Users/Jihoon Lee/AppData/Roaming/Xilinx/Vivado/.Xil/Vivado-20884-DESKTOP-FG0QD84/coregen/mig_7series_0/mig_7series_0/user_design/rtl/axi/mig_7series_v4_2_ddr_carry_latch_or.v'. Please regenerate to continue.
WARNING: [IP_Flow 19-3664] IP 'mig_7series_0' generated file not found 'c:/Users/Jihoon Lee/AppData/Roaming/Xilinx/Vivado/.Xil/Vivado-20884-DESKTOP-FG0QD84/coregen/mig_7series_0/mig_7series_0/user_design/rtl/axi/mig_7series_v4_2_ddr_carry_or.v'. Please regenerate to continue.
WARNING: [IP_Flow 19-3664] IP 'mig_7series_0' generated file not found 'c:/Users/Jihoon Lee/AppData/Roaming/Xilinx/Vivado/.Xil/Vivado-20884-DESKTOP-FG0QD84/coregen/mig_7series_0/mig_7series_0/user_design/rtl/axi/mig_7series_v4_2_ddr_command_fifo.v'. Please regenerate to continue.
WARNING: [IP_Flow 19-3664] IP 'mig_7series_0' generated file not found 'c:/Users/Jihoon Lee/AppData/Roaming/Xilinx/Vivado/.Xil/Vivado-20884-DESKTOP-FG0QD84/coregen/mig_7series_0/mig_7series_0/user_design/rtl/axi/mig_7series_v4_2_ddr_comparator.v'. Please regenerate to continue.
WARNING: [IP_Flow 19-3664] IP 'mig_7series_0' generated file not found 'c:/Users/Jihoon Lee/AppData/Roaming/Xilinx/Vivado/.Xil/Vivado-20884-DESKTOP-FG0QD84/coregen/mig_7series_0/mig_7series_0/user_design/rtl/axi/mig_7series_v4_2_ddr_comparator_sel.v'. Please regenerate to continue.
WARNING: [IP_Flow 19-3664] IP 'mig_7series_0' generated file not found 'c:/Users/Jihoon Lee/AppData/Roaming/Xilinx/Vivado/.Xil/Vivado-20884-DESKTOP-FG0QD84/coregen/mig_7series_0/mig_7series_0/user_design/rtl/axi/mig_7series_v4_2_ddr_comparator_sel_static.v'. Please regenerate to continue.
WARNING: [IP_Flow 19-3664] IP 'mig_7series_0' generated file not found 'c:/Users/Jihoon Lee/AppData/Roaming/Xilinx/Vivado/.Xil/Vivado-20884-DESKTOP-FG0QD84/coregen/mig_7series_0/mig_7series_0/user_design/rtl/axi/mig_7series_v4_2_ddr_r_upsizer.v'. Please regenerate to continue.
WARNING: [IP_Flow 19-3664] IP 'mig_7series_0' generated file not found 'c:/Users/Jihoon Lee/AppData/Roaming/Xilinx/Vivado/.Xil/Vivado-20884-DESKTOP-FG0QD84/coregen/mig_7series_0/mig_7series_0/user_design/rtl/axi/mig_7series_v4_2_ddr_w_upsizer.v'. Please regenerate to continue.
WARNING: [IP_Flow 19-3664] IP 'mig_7series_0' generated file not found 'c:/Users/Jihoon Lee/AppData/Roaming/Xilinx/Vivado/.Xil/Vivado-20884-DESKTOP-FG0QD84/coregen/mig_7series_0/mig_7series_0/user_design/rtl/clocking/mig_7series_v4_2_clk_ibuf.v'. Please regenerate to continue.
WARNING: [IP_Flow 19-3664] IP 'mig_7series_0' generated file not found 'c:/Users/Jihoon Lee/AppData/Roaming/Xilinx/Vivado/.Xil/Vivado-20884-DESKTOP-FG0QD84/coregen/mig_7series_0/mig_7series_0/user_design/rtl/clocking/mig_7series_v4_2_infrastructure.v'. Please regenerate to continue.
WARNING: [IP_Flow 19-3664] IP 'mig_7series_0' generated file not found 'c:/Users/Jihoon Lee/AppData/Roaming/Xilinx/Vivado/.Xil/Vivado-20884-DESKTOP-FG0QD84/coregen/mig_7series_0/mig_7series_0/user_design/rtl/clocking/mig_7series_v4_2_iodelay_ctrl.v'. Please regenerate to continue.
WARNING: [IP_Flow 19-3664] IP 'mig_7series_0' generated file not found 'c:/Users/Jihoon Lee/AppData/Roaming/Xilinx/Vivado/.Xil/Vivado-20884-DESKTOP-FG0QD84/coregen/mig_7series_0/mig_7series_0/user_design/rtl/clocking/mig_7series_v4_2_tempmon.v'. Please regenerate to continue.
WARNING: [IP_Flow 19-3664] IP 'mig_7series_0' generated file not found 'c:/Users/Jihoon Lee/AppData/Roaming/Xilinx/Vivado/.Xil/Vivado-20884-DESKTOP-FG0QD84/coregen/mig_7series_0/mig_7series_0/user_design/rtl/controller/mig_7series_v4_2_arb_mux.v'. Please regenerate to continue.
WARNING: [IP_Flow 19-3664] IP 'mig_7series_0' generated file not found 'c:/Users/Jihoon Lee/AppData/Roaming/Xilinx/Vivado/.Xil/Vivado-20884-DESKTOP-FG0QD84/coregen/mig_7series_0/mig_7series_0/user_design/rtl/controller/mig_7series_v4_2_arb_row_col.v'. Please regenerate to continue.
WARNING: [IP_Flow 19-3664] IP 'mig_7series_0' generated file not found 'c:/Users/Jihoon Lee/AppData/Roaming/Xilinx/Vivado/.Xil/Vivado-20884-DESKTOP-FG0QD84/coregen/mig_7series_0/mig_7series_0/user_design/rtl/controller/mig_7series_v4_2_arb_select.v'. Please regenerate to continue.
WARNING: [IP_Flow 19-3664] IP 'mig_7series_0' generated file not found 'c:/Users/Jihoon Lee/AppData/Roaming/Xilinx/Vivado/.Xil/Vivado-20884-DESKTOP-FG0QD84/coregen/mig_7series_0/mig_7series_0/user_design/rtl/controller/mig_7series_v4_2_bank_cntrl.v'. Please regenerate to continue.
WARNING: [IP_Flow 19-3664] IP 'mig_7series_0' generated file not found 'c:/Users/Jihoon Lee/AppData/Roaming/Xilinx/Vivado/.Xil/Vivado-20884-DESKTOP-FG0QD84/coregen/mig_7series_0/mig_7series_0/user_design/rtl/controller/mig_7series_v4_2_bank_common.v'. Please regenerate to continue.
WARNING: [IP_Flow 19-3664] IP 'mig_7series_0' generated file not found 'c:/Users/Jihoon Lee/AppData/Roaming/Xilinx/Vivado/.Xil/Vivado-20884-DESKTOP-FG0QD84/coregen/mig_7series_0/mig_7series_0/user_design/rtl/controller/mig_7series_v4_2_bank_compare.v'. Please regenerate to continue.
WARNING: [IP_Flow 19-3664] IP 'mig_7series_0' generated file not found 'c:/Users/Jihoon Lee/AppData/Roaming/Xilinx/Vivado/.Xil/Vivado-20884-DESKTOP-FG0QD84/coregen/mig_7series_0/mig_7series_0/user_design/rtl/controller/mig_7series_v4_2_bank_mach.v'. Please regenerate to continue.
WARNING: [IP_Flow 19-3664] IP 'mig_7series_0' generated file not found 'c:/Users/Jihoon Lee/AppData/Roaming/Xilinx/Vivado/.Xil/Vivado-20884-DESKTOP-FG0QD84/coregen/mig_7series_0/mig_7series_0/user_design/rtl/controller/mig_7series_v4_2_bank_queue.v'. Please regenerate to continue.
WARNING: [IP_Flow 19-3664] IP 'mig_7series_0' generated file not found 'c:/Users/Jihoon Lee/AppData/Roaming/Xilinx/Vivado/.Xil/Vivado-20884-DESKTOP-FG0QD84/coregen/mig_7series_0/mig_7series_0/user_design/rtl/controller/mig_7series_v4_2_bank_state.v'. Please regenerate to continue.
WARNING: [IP_Flow 19-3664] IP 'mig_7series_0' generated file not found 'c:/Users/Jihoon Lee/AppData/Roaming/Xilinx/Vivado/.Xil/Vivado-20884-DESKTOP-FG0QD84/coregen/mig_7series_0/mig_7series_0/user_design/rtl/controller/mig_7series_v4_2_col_mach.v'. Please regenerate to continue.
WARNING: [IP_Flow 19-3664] IP 'mig_7series_0' generated file not found 'c:/Users/Jihoon Lee/AppData/Roaming/Xilinx/Vivado/.Xil/Vivado-20884-DESKTOP-FG0QD84/coregen/mig_7series_0/mig_7series_0/user_design/rtl/controller/mig_7series_v4_2_mc.v'. Please regenerate to continue.
WARNING: [IP_Flow 19-3664] IP 'mig_7series_0' generated file not found 'c:/Users/Jihoon Lee/AppData/Roaming/Xilinx/Vivado/.Xil/Vivado-20884-DESKTOP-FG0QD84/coregen/mig_7series_0/mig_7series_0/user_design/rtl/controller/mig_7series_v4_2_rank_cntrl.v'. Please regenerate to continue.
WARNING: [IP_Flow 19-3664] IP 'mig_7series_0' generated file not found 'c:/Users/Jihoon Lee/AppData/Roaming/Xilinx/Vivado/.Xil/Vivado-20884-DESKTOP-FG0QD84/coregen/mig_7series_0/mig_7series_0/user_design/rtl/controller/mig_7series_v4_2_rank_common.v'. Please regenerate to continue.
WARNING: [IP_Flow 19-3664] IP 'mig_7series_0' generated file not found 'c:/Users/Jihoon Lee/AppData/Roaming/Xilinx/Vivado/.Xil/Vivado-20884-DESKTOP-FG0QD84/coregen/mig_7series_0/mig_7series_0/user_design/rtl/controller/mig_7series_v4_2_rank_mach.v'. Please regenerate to continue.
WARNING: [IP_Flow 19-3664] IP 'mig_7series_0' generated file not found 'c:/Users/Jihoon Lee/AppData/Roaming/Xilinx/Vivado/.Xil/Vivado-20884-DESKTOP-FG0QD84/coregen/mig_7series_0/mig_7series_0/user_design/rtl/controller/mig_7series_v4_2_round_robin_arb.v'. Please regenerate to continue.
WARNING: [IP_Flow 19-3664] IP 'mig_7series_0' generated file not found 'c:/Users/Jihoon Lee/AppData/Roaming/Xilinx/Vivado/.Xil/Vivado-20884-DESKTOP-FG0QD84/coregen/mig_7series_0/mig_7series_0/user_design/rtl/ecc/mig_7series_v4_2_ecc_buf.v'. Please regenerate to continue.
WARNING: [IP_Flow 19-3664] IP 'mig_7series_0' generated file not found 'c:/Users/Jihoon Lee/AppData/Roaming/Xilinx/Vivado/.Xil/Vivado-20884-DESKTOP-FG0QD84/coregen/mig_7series_0/mig_7series_0/user_design/rtl/ecc/mig_7series_v4_2_ecc_dec_fix.v'. Please regenerate to continue.
WARNING: [IP_Flow 19-3664] IP 'mig_7series_0' generated file not found 'c:/Users/Jihoon Lee/AppData/Roaming/Xilinx/Vivado/.Xil/Vivado-20884-DESKTOP-FG0QD84/coregen/mig_7series_0/mig_7series_0/user_design/rtl/ecc/mig_7series_v4_2_ecc_gen.v'. Please regenerate to continue.
WARNING: [IP_Flow 19-3664] IP 'mig_7series_0' generated file not found 'c:/Users/Jihoon Lee/AppData/Roaming/Xilinx/Vivado/.Xil/Vivado-20884-DESKTOP-FG0QD84/coregen/mig_7series_0/mig_7series_0/user_design/rtl/ecc/mig_7series_v4_2_ecc_merge_enc.v'. Please regenerate to continue.
WARNING: [IP_Flow 19-3664] IP 'mig_7series_0' generated file not found 'c:/Users/Jihoon Lee/AppData/Roaming/Xilinx/Vivado/.Xil/Vivado-20884-DESKTOP-FG0QD84/coregen/mig_7series_0/mig_7series_0/user_design/rtl/ecc/mig_7series_v4_2_fi_xor.v'. Please regenerate to continue.
WARNING: [IP_Flow 19-3664] IP 'mig_7series_0' generated file not found 'c:/Users/Jihoon Lee/AppData/Roaming/Xilinx/Vivado/.Xil/Vivado-20884-DESKTOP-FG0QD84/coregen/mig_7series_0/mig_7series_0/user_design/rtl/ip_top/mig_7series_v4_2_memc_ui_top_axi.v'. Please regenerate to continue.
WARNING: [IP_Flow 19-3664] IP 'mig_7series_0' generated file not found 'c:/Users/Jihoon Lee/AppData/Roaming/Xilinx/Vivado/.Xil/Vivado-20884-DESKTOP-FG0QD84/coregen/mig_7series_0/mig_7series_0/user_design/rtl/ip_top/mig_7series_v4_2_mem_intfc.v'. Please regenerate to continue.
WARNING: [IP_Flow 19-3664] IP 'mig_7series_0' generated file not found 'c:/Users/Jihoon Lee/AppData/Roaming/Xilinx/Vivado/.Xil/Vivado-20884-DESKTOP-FG0QD84/coregen/mig_7series_0/mig_7series_0/user_design/rtl/phy/mig_7series_v4_2_ddr_byte_group_io.v'. Please regenerate to continue.
WARNING: [IP_Flow 19-3664] IP 'mig_7series_0' generated file not found 'c:/Users/Jihoon Lee/AppData/Roaming/Xilinx/Vivado/.Xil/Vivado-20884-DESKTOP-FG0QD84/coregen/mig_7series_0/mig_7series_0/user_design/rtl/phy/mig_7series_v4_2_ddr_byte_lane.v'. Please regenerate to continue.
WARNING: [IP_Flow 19-3664] IP 'mig_7series_0' generated file not found 'c:/Users/Jihoon Lee/AppData/Roaming/Xilinx/Vivado/.Xil/Vivado-20884-DESKTOP-FG0QD84/coregen/mig_7series_0/mig_7series_0/user_design/rtl/phy/mig_7series_v4_2_ddr_calib_top.v'. Please regenerate to continue.
WARNING: [IP_Flow 19-3664] IP 'mig_7series_0' generated file not found 'c:/Users/Jihoon Lee/AppData/Roaming/Xilinx/Vivado/.Xil/Vivado-20884-DESKTOP-FG0QD84/coregen/mig_7series_0/mig_7series_0/user_design/rtl/phy/mig_7series_v4_2_ddr_if_post_fifo.v'. Please regenerate to continue.
WARNING: [IP_Flow 19-3664] IP 'mig_7series_0' generated file not found 'c:/Users/Jihoon Lee/AppData/Roaming/Xilinx/Vivado/.Xil/Vivado-20884-DESKTOP-FG0QD84/coregen/mig_7series_0/mig_7series_0/user_design/rtl/phy/mig_7series_v4_2_ddr_mc_phy.v'. Please regenerate to continue.
WARNING: [IP_Flow 19-3664] IP 'mig_7series_0' generated file not found 'c:/Users/Jihoon Lee/AppData/Roaming/Xilinx/Vivado/.Xil/Vivado-20884-DESKTOP-FG0QD84/coregen/mig_7series_0/mig_7series_0/user_design/rtl/phy/mig_7series_v4_2_ddr_mc_phy_wrapper.v'. Please regenerate to continue.
WARNING: [IP_Flow 19-3664] IP 'mig_7series_0' generated file not found 'c:/Users/Jihoon Lee/AppData/Roaming/Xilinx/Vivado/.Xil/Vivado-20884-DESKTOP-FG0QD84/coregen/mig_7series_0/mig_7series_0/user_design/rtl/phy/mig_7series_v4_2_ddr_of_pre_fifo.v'. Please regenerate to continue.
WARNING: [IP_Flow 19-3664] IP 'mig_7series_0' generated file not found 'c:/Users/Jihoon Lee/AppData/Roaming/Xilinx/Vivado/.Xil/Vivado-20884-DESKTOP-FG0QD84/coregen/mig_7series_0/mig_7series_0/user_design/rtl/phy/mig_7series_v4_2_ddr_phy_4lanes.v'. Please regenerate to continue.
WARNING: [IP_Flow 19-3664] IP 'mig_7series_0' generated file not found 'c:/Users/Jihoon Lee/AppData/Roaming/Xilinx/Vivado/.Xil/Vivado-20884-DESKTOP-FG0QD84/coregen/mig_7series_0/mig_7series_0/user_design/rtl/phy/mig_7series_v4_2_ddr_phy_ck_addr_cmd_delay.v'. Please regenerate to continue.
WARNING: [IP_Flow 19-3664] IP 'mig_7series_0' generated file not found 'c:/Users/Jihoon Lee/AppData/Roaming/Xilinx/Vivado/.Xil/Vivado-20884-DESKTOP-FG0QD84/coregen/mig_7series_0/mig_7series_0/user_design/rtl/phy/mig_7series_v4_2_ddr_phy_dqs_found_cal.v'. Please regenerate to continue.
WARNING: [IP_Flow 19-3664] IP 'mig_7series_0' generated file not found 'c:/Users/Jihoon Lee/AppData/Roaming/Xilinx/Vivado/.Xil/Vivado-20884-DESKTOP-FG0QD84/coregen/mig_7series_0/mig_7series_0/user_design/rtl/phy/mig_7series_v4_2_ddr_phy_dqs_found_cal_hr.v'. Please regenerate to continue.
WARNING: [IP_Flow 19-3664] IP 'mig_7series_0' generated file not found 'c:/Users/Jihoon Lee/AppData/Roaming/Xilinx/Vivado/.Xil/Vivado-20884-DESKTOP-FG0QD84/coregen/mig_7series_0/mig_7series_0/user_design/rtl/phy/mig_7series_v4_2_ddr_phy_init.v'. Please regenerate to continue.
WARNING: [IP_Flow 19-3664] IP 'mig_7series_0' generated file not found 'c:/Users/Jihoon Lee/AppData/Roaming/Xilinx/Vivado/.Xil/Vivado-20884-DESKTOP-FG0QD84/coregen/mig_7series_0/mig_7series_0/user_design/rtl/phy/mig_7series_v4_2_ddr_phy_ocd_cntlr.v'. Please regenerate to continue.
WARNING: [IP_Flow 19-3664] IP 'mig_7series_0' generated file not found 'c:/Users/Jihoon Lee/AppData/Roaming/Xilinx/Vivado/.Xil/Vivado-20884-DESKTOP-FG0QD84/coregen/mig_7series_0/mig_7series_0/user_design/rtl/phy/mig_7series_v4_2_ddr_phy_ocd_data.v'. Please regenerate to continue.
WARNING: [IP_Flow 19-3664] IP 'mig_7series_0' generated file not found 'c:/Users/Jihoon Lee/AppData/Roaming/Xilinx/Vivado/.Xil/Vivado-20884-DESKTOP-FG0QD84/coregen/mig_7series_0/mig_7series_0/user_design/rtl/phy/mig_7series_v4_2_ddr_phy_ocd_edge.v'. Please regenerate to continue.
WARNING: [IP_Flow 19-3664] IP 'mig_7series_0' generated file not found 'c:/Users/Jihoon Lee/AppData/Roaming/Xilinx/Vivado/.Xil/Vivado-20884-DESKTOP-FG0QD84/coregen/mig_7series_0/mig_7series_0/user_design/rtl/phy/mig_7series_v4_2_ddr_phy_ocd_lim.v'. Please regenerate to continue.
WARNING: [IP_Flow 19-3664] IP 'mig_7series_0' generated file not found 'c:/Users/Jihoon Lee/AppData/Roaming/Xilinx/Vivado/.Xil/Vivado-20884-DESKTOP-FG0QD84/coregen/mig_7series_0/mig_7series_0/user_design/rtl/phy/mig_7series_v4_2_ddr_phy_ocd_mux.v'. Please regenerate to continue.
WARNING: [IP_Flow 19-3664] IP 'mig_7series_0' generated file not found 'c:/Users/Jihoon Lee/AppData/Roaming/Xilinx/Vivado/.Xil/Vivado-20884-DESKTOP-FG0QD84/coregen/mig_7series_0/mig_7series_0/user_design/rtl/phy/mig_7series_v4_2_ddr_phy_ocd_po_cntlr.v'. Please regenerate to continue.
WARNING: [IP_Flow 19-3664] IP 'mig_7series_0' generated file not found 'c:/Users/Jihoon Lee/AppData/Roaming/Xilinx/Vivado/.Xil/Vivado-20884-DESKTOP-FG0QD84/coregen/mig_7series_0/mig_7series_0/user_design/rtl/phy/mig_7series_v4_2_ddr_phy_ocd_samp.v'. Please regenerate to continue.
WARNING: [IP_Flow 19-3664] IP 'mig_7series_0' generated file not found 'c:/Users/Jihoon Lee/AppData/Roaming/Xilinx/Vivado/.Xil/Vivado-20884-DESKTOP-FG0QD84/coregen/mig_7series_0/mig_7series_0/user_design/rtl/phy/mig_7series_v4_2_ddr_phy_oclkdelay_cal.v'. Please regenerate to continue.
WARNING: [IP_Flow 19-3664] IP 'mig_7series_0' generated file not found 'c:/Users/Jihoon Lee/AppData/Roaming/Xilinx/Vivado/.Xil/Vivado-20884-DESKTOP-FG0QD84/coregen/mig_7series_0/mig_7series_0/user_design/rtl/phy/mig_7series_v4_2_ddr_phy_prbs_rdlvl.v'. Please regenerate to continue.
WARNING: [IP_Flow 19-3664] IP 'mig_7series_0' generated file not found 'c:/Users/Jihoon Lee/AppData/Roaming/Xilinx/Vivado/.Xil/Vivado-20884-DESKTOP-FG0QD84/coregen/mig_7series_0/mig_7series_0/user_design/rtl/phy/mig_7series_v4_2_ddr_phy_rdlvl.v'. Please regenerate to continue.
WARNING: [IP_Flow 19-3664] IP 'mig_7series_0' generated file not found 'c:/Users/Jihoon Lee/AppData/Roaming/Xilinx/Vivado/.Xil/Vivado-20884-DESKTOP-FG0QD84/coregen/mig_7series_0/mig_7series_0/user_design/rtl/phy/mig_7series_v4_2_ddr_phy_tempmon.v'. Please regenerate to continue.
WARNING: [IP_Flow 19-3664] IP 'mig_7series_0' generated file not found 'c:/Users/Jihoon Lee/AppData/Roaming/Xilinx/Vivado/.Xil/Vivado-20884-DESKTOP-FG0QD84/coregen/mig_7series_0/mig_7series_0/user_design/rtl/phy/mig_7series_v4_2_ddr_phy_top.v'. Please regenerate to continue.
WARNING: [IP_Flow 19-3664] IP 'mig_7series_0' generated file not found 'c:/Users/Jihoon Lee/AppData/Roaming/Xilinx/Vivado/.Xil/Vivado-20884-DESKTOP-FG0QD84/coregen/mig_7series_0/mig_7series_0/user_design/rtl/phy/mig_7series_v4_2_ddr_phy_wrcal.v'. Please regenerate to continue.
WARNING: [IP_Flow 19-3664] IP 'mig_7series_0' generated file not found 'c:/Users/Jihoon Lee/AppData/Roaming/Xilinx/Vivado/.Xil/Vivado-20884-DESKTOP-FG0QD84/coregen/mig_7series_0/mig_7series_0/user_design/rtl/phy/mig_7series_v4_2_ddr_phy_wrlvl.v'. Please regenerate to continue.
WARNING: [IP_Flow 19-3664] IP 'mig_7series_0' generated file not found 'c:/Users/Jihoon Lee/AppData/Roaming/Xilinx/Vivado/.Xil/Vivado-20884-DESKTOP-FG0QD84/coregen/mig_7series_0/mig_7series_0/user_design/rtl/phy/mig_7series_v4_2_ddr_phy_wrlvl_off_delay.v'. Please regenerate to continue.
WARNING: [IP_Flow 19-3664] IP 'mig_7series_0' generated file not found 'c:/Users/Jihoon Lee/AppData/Roaming/Xilinx/Vivado/.Xil/Vivado-20884-DESKTOP-FG0QD84/coregen/mig_7series_0/mig_7series_0/user_design/rtl/phy/mig_7series_v4_2_ddr_prbs_gen.v'. Please regenerate to continue.
WARNING: [IP_Flow 19-3664] IP 'mig_7series_0' generated file not found 'c:/Users/Jihoon Lee/AppData/Roaming/Xilinx/Vivado/.Xil/Vivado-20884-DESKTOP-FG0QD84/coregen/mig_7series_0/mig_7series_0/user_design/rtl/phy/mig_7series_v4_2_ddr_skip_calib_tap.v'. Please regenerate to continue.
WARNING: [IP_Flow 19-3664] IP 'mig_7series_0' generated file not found 'c:/Users/Jihoon Lee/AppData/Roaming/Xilinx/Vivado/.Xil/Vivado-20884-DESKTOP-FG0QD84/coregen/mig_7series_0/mig_7series_0/user_design/rtl/phy/mig_7series_v4_2_poc_cc.v'. Please regenerate to continue.
WARNING: [IP_Flow 19-3664] IP 'mig_7series_0' generated file not found 'c:/Users/Jihoon Lee/AppData/Roaming/Xilinx/Vivado/.Xil/Vivado-20884-DESKTOP-FG0QD84/coregen/mig_7series_0/mig_7series_0/user_design/rtl/phy/mig_7series_v4_2_poc_edge_store.v'. Please regenerate to continue.
WARNING: [IP_Flow 19-3664] IP 'mig_7series_0' generated file not found 'c:/Users/Jihoon Lee/AppData/Roaming/Xilinx/Vivado/.Xil/Vivado-20884-DESKTOP-FG0QD84/coregen/mig_7series_0/mig_7series_0/user_design/rtl/phy/mig_7series_v4_2_poc_meta.v'. Please regenerate to continue.
WARNING: [IP_Flow 19-3664] IP 'mig_7series_0' generated file not found 'c:/Users/Jihoon Lee/AppData/Roaming/Xilinx/Vivado/.Xil/Vivado-20884-DESKTOP-FG0QD84/coregen/mig_7series_0/mig_7series_0/user_design/rtl/phy/mig_7series_v4_2_poc_pd.v'. Please regenerate to continue.
WARNING: [IP_Flow 19-3664] IP 'mig_7series_0' generated file not found 'c:/Users/Jihoon Lee/AppData/Roaming/Xilinx/Vivado/.Xil/Vivado-20884-DESKTOP-FG0QD84/coregen/mig_7series_0/mig_7series_0/user_design/rtl/phy/mig_7series_v4_2_poc_tap_base.v'. Please regenerate to continue.
WARNING: [IP_Flow 19-3664] IP 'mig_7series_0' generated file not found 'c:/Users/Jihoon Lee/AppData/Roaming/Xilinx/Vivado/.Xil/Vivado-20884-DESKTOP-FG0QD84/coregen/mig_7series_0/mig_7series_0/user_design/rtl/phy/mig_7series_v4_2_poc_top.v'. Please regenerate to continue.
WARNING: [IP_Flow 19-3664] IP 'mig_7series_0' generated file not found 'c:/Users/Jihoon Lee/AppData/Roaming/Xilinx/Vivado/.Xil/Vivado-20884-DESKTOP-FG0QD84/coregen/mig_7series_0/mig_7series_0/user_design/rtl/ui/mig_7series_v4_2_ui_cmd.v'. Please regenerate to continue.
WARNING: [IP_Flow 19-3664] IP 'mig_7series_0' generated file not found 'c:/Users/Jihoon Lee/AppData/Roaming/Xilinx/Vivado/.Xil/Vivado-20884-DESKTOP-FG0QD84/coregen/mig_7series_0/mig_7series_0/user_design/rtl/ui/mig_7series_v4_2_ui_rd_data.v'. Please regenerate to continue.
WARNING: [IP_Flow 19-3664] IP 'mig_7series_0' generated file not found 'c:/Users/Jihoon Lee/AppData/Roaming/Xilinx/Vivado/.Xil/Vivado-20884-DESKTOP-FG0QD84/coregen/mig_7series_0/mig_7series_0/user_design/rtl/ui/mig_7series_v4_2_ui_top.v'. Please regenerate to continue.
WARNING: [IP_Flow 19-3664] IP 'mig_7series_0' generated file not found 'c:/Users/Jihoon Lee/AppData/Roaming/Xilinx/Vivado/.Xil/Vivado-20884-DESKTOP-FG0QD84/coregen/mig_7series_0/mig_7series_0/user_design/rtl/ui/mig_7series_v4_2_ui_wr_data.v'. Please regenerate to continue.
INFO: [Common 17-14] Message 'IP_Flow 19-3664' appears 100 times and further instances of the messages will be disabled. Use the Tcl command set_msg_config to change the current settings.
open_project: Time (s): cpu = 00:00:18 ; elapsed = 00:00:10 . Memory (MB): peak = 1163.926 ; gain = 318.332
update_compile_order -fileset sources_1
exit
INFO: [Common 17-206] Exiting Vivado at Mon Oct  9 11:05:51 2023...
